2021-09-25 18:19:33,707 - train.py[line:59] - INFO: n_users: 44277
2021-09-25 18:19:33,707 - train.py[line:60] - INFO: n_items: 9435
2021-09-25 18:19:33,707 - train.py[line:61] - INFO: n_interactions: 2
2021-09-25 18:19:33,707 - train.py[line:62] - INFO: n_relation: 48
2021-09-25 18:19:33,707 - train.py[line:63] - INFO: n_entity: 29317
2021-09-25 18:19:33,707 - train.py[line:65] - INFO: dataset: Alibaba-iFashion
2021-09-25 18:19:36,668 - train.py[line:75] - INFO: KUPA(
  (kgcn): KGConv(
    (conv): ModuleList(
      (0): Aggregator(
        (activation): LeakyReLU(negative_slope=0.01)
        (linear): Linear(in_features=64, out_features=1, bias=True)
        (project): Linear(in_features=64, out_features=64, bias=True)
        (tanh): Tanh()
      )
      (1): Aggregator(
        (activation): LeakyReLU(negative_slope=0.01)
        (linear): Linear(in_features=64, out_features=1, bias=True)
        (project): Linear(in_features=64, out_features=64, bias=True)
        (tanh): Tanh()
      )
      (2): Aggregator(
        (activation): LeakyReLU(negative_slope=0.01)
        (linear): Linear(in_features=64, out_features=1, bias=True)
        (project): Linear(in_features=64, out_features=64, bias=True)
        (tanh): Tanh()
      )
    )
    (dropout): Dropout(p=0.2, inplace=False)
  )
  (tanh): Tanh()
)
2021-09-25 18:20:26,438 - train.py[line:157] - INFO: using time 47.1138, training loss at epoch 0: 38.7209
2021-09-25 18:21:31,192 - train.py[line:140] - INFO: +-------+--------------------+-------------------+--------------------+----------------------------------------------------------+----------------------------------------------------------+----------------------------------------------------------+----------------------------------------------------------+-----+
| Epoch |   training time    |    tesing time    |        Loss        |                          recall                          |                           ndcg                           |                        precision                         |                        hit_ratio                         | auc |
+-------+--------------------+-------------------+--------------------+----------------------------------------------------------+----------------------------------------------------------+----------------------------------------------------------+----------------------------------------------------------+-----+
|   1   | 46.327059745788574 | 18.36078906059265 | 30.730091094970703 | [0.06487449 0.09705538 0.1426682  0.17791343 0.20590935] | [0.04264011 0.05206246 0.0629907  0.07035146 0.07571878] | [0.0107666  0.0082748  0.00621274 0.00523235 0.00456859] | [0.10466245 0.15747886 0.22944873 0.28353588 0.32378356] | 0.0 |
+-------+--------------------+-------------------+--------------------+----------------------------------------------------------+----------------------------------------------------------+----------------------------------------------------------+----------------------------------------------------------+-----+
2021-09-25 18:22:18,107 - train.py[line:157] - INFO: using time 46.7227, training loss at epoch 2: 27.9838
2021-09-25 18:23:04,693 - train.py[line:157] - INFO: using time 46.5209, training loss at epoch 3: 25.8583
2021-09-25 18:23:51,086 - train.py[line:157] - INFO: using time 46.3277, training loss at epoch 4: 23.9767
2021-09-25 18:24:38,179 - train.py[line:157] - INFO: using time 47.0376, training loss at epoch 5: 22.2494
2021-09-25 18:25:25,030 - train.py[line:157] - INFO: using time 46.7913, training loss at epoch 6: 20.6720
2021-09-25 18:26:11,785 - train.py[line:157] - INFO: using time 46.6960, training loss at epoch 7: 19.2013
2021-09-25 18:26:58,494 - train.py[line:157] - INFO: using time 46.6520, training loss at epoch 8: 17.7983
2021-09-25 18:28:03,257 - train.py[line:140] - INFO: +-------+-------------------+--------------------+-------------------+----------------------------------------------------------+----------------------------------------------------------+----------------------------------------------------------+----------------------------------------------------------+-----+
| Epoch |   training time   |    tesing time     |        Loss       |                          recall                          |                           ndcg                           |                        precision                         |                        hit_ratio                         | auc |
+-------+-------------------+--------------------+-------------------+----------------------------------------------------------+----------------------------------------------------------+----------------------------------------------------------+----------------------------------------------------------+-----+
|   9   | 46.63018846511841 | 18.070340394973755 | 16.54298973083496 | [0.08545451 0.12469317 0.17845581 0.21811934 0.25161149] | [0.05741381 0.06888172 0.08174265 0.09000192 0.0964588 ] | [0.01386489 0.0104004  0.00763943 0.00630747 0.00551326] | [0.13393559 0.19627097 0.27912296 0.33653713 0.3831847 ] | 0.0 |
+-------+-------------------+--------------------+-------------------+----------------------------------------------------------+----------------------------------------------------------+----------------------------------------------------------+----------------------------------------------------------+-----+
2021-09-25 18:28:50,045 - train.py[line:157] - INFO: using time 46.6398, training loss at epoch 10: 15.3785
2021-09-25 18:29:36,749 - train.py[line:157] - INFO: using time 46.6398, training loss at epoch 11: 14.3231
2021-09-25 18:30:23,566 - train.py[line:157] - INFO: using time 46.7613, training loss at epoch 12: 13.2578
2021-09-25 18:31:10,526 - train.py[line:157] - INFO: using time 46.9040, training loss at epoch 13: 12.3442
2021-09-25 18:31:58,300 - train.py[line:157] - INFO: using time 47.7186, training loss at epoch 14: 11.4527
2021-09-25 18:32:46,392 - train.py[line:157] - INFO: using time 48.0340, training loss at epoch 15: 10.6205
2021-09-25 18:33:34,604 - train.py[line:157] - INFO: using time 48.1557, training loss at epoch 16: 9.9158
2021-09-25 18:34:22,511 - train.py[line:157] - INFO: using time 47.8472, training loss at epoch 17: 9.2428
2021-09-25 18:35:10,538 - train.py[line:157] - INFO: using time 47.9688, training loss at epoch 18: 8.5950
2021-09-25 18:36:17,395 - train.py[line:140] - INFO: +-------+-------------------+--------------------+-------------------+----------------------------------------------------------+----------------------------------------------------------+----------------------------------------------------------+----------------------------------------------------------+-----+
| Epoch |   training time   |    tesing time     |        Loss       |                          recall                          |                           ndcg                           |                        precision                         |                        hit_ratio                         | auc |
+-------+-------------------+--------------------+-------------------+----------------------------------------------------------+----------------------------------------------------------+----------------------------------------------------------+----------------------------------------------------------+-----+
|   19  | 48.23677945137024 | 18.559539556503296 | 8.060809135437012 | [0.10450471 0.15011809 0.21079261 0.25318709 0.2878922 ] | [0.07058205 0.08395879 0.09847144 0.10729048 0.11396695] | [0.01671596 0.01242895 0.00896504 0.00727631 0.00626069] | [0.16124486 0.23286817 0.32327526 0.38263019 0.42856153] | 0.0 |
+-------+-------------------+--------------------+-------------------+----------------------------------------------------------+----------------------------------------------------------+----------------------------------------------------------+----------------------------------------------------------+-----+
2021-09-25 18:37:04,270 - train.py[line:157] - INFO: using time 46.7089, training loss at epoch 20: 7.5789
2021-09-25 18:37:50,822 - train.py[line:157] - INFO: using time 46.4818, training loss at epoch 21: 7.0516
2021-09-25 18:38:37,517 - train.py[line:157] - INFO: using time 46.6375, training loss at epoch 22: 6.5957
2021-09-25 18:39:24,460 - train.py[line:157] - INFO: using time 46.8852, training loss at epoch 23: 6.1711
2021-09-25 18:40:11,442 - train.py[line:157] - INFO: using time 46.9265, training loss at epoch 24: 5.8050
2021-09-25 18:40:58,377 - train.py[line:157] - INFO: using time 46.8754, training loss at epoch 25: 5.4707
2021-09-25 18:41:45,248 - train.py[line:157] - INFO: using time 46.8155, training loss at epoch 26: 5.1490
2021-09-25 18:42:32,165 - train.py[line:157] - INFO: using time 46.8576, training loss at epoch 27: 4.8502
2021-09-25 18:43:19,108 - train.py[line:157] - INFO: using time 46.8879, training loss at epoch 28: 4.5791
2021-09-25 18:44:24,732 - train.py[line:140] - INFO: +-------+-------------------+-------------------+------------------+----------------------------------------------------------+----------------------------------------------------------+----------------------------------------------------------+----------------------------------------------------------+-----+
| Epoch |   training time   |    tesing time    |       Loss       |                          recall                          |                           ndcg                           |                        precision                         |                        hit_ratio                         | auc |
+-------+-------------------+-------------------+------------------+----------------------------------------------------------+----------------------------------------------------------+----------------------------------------------------------+----------------------------------------------------------+-----+
|   29  | 46.85904312133789 | 18.70449471473694 | 4.36971378326416 | [0.11806335 0.16663947 0.22984342 0.27255232 0.30545251] | [0.07910822 0.09337386 0.10856162 0.11752937 0.12389231] | [0.01878379 0.01374243 0.00975463 0.00784083 0.00665808] | [0.18009796 0.25608798 0.34885172 0.40806802 0.45097269] | 0.0 |
+-------+-------------------+-------------------+------------------+----------------------------------------------------------+----------------------------------------------------------+----------------------------------------------------------+----------------------------------------------------------+-----+
2021-09-25 18:45:11,360 - train.py[line:157] - INFO: using time 46.4699, training loss at epoch 30: 4.1360
2021-09-25 18:45:57,853 - train.py[line:157] - INFO: using time 46.4334, training loss at epoch 31: 3.8742
2021-09-25 18:46:44,546 - train.py[line:157] - INFO: using time 46.6371, training loss at epoch 32: 3.6931
2021-09-25 18:47:31,297 - train.py[line:157] - INFO: using time 46.6895, training loss at epoch 33: 3.4688
2021-09-25 18:48:18,033 - train.py[line:157] - INFO: using time 46.6812, training loss at epoch 34: 3.3155
2021-09-25 18:49:04,742 - train.py[line:157] - INFO: using time 46.6535, training loss at epoch 35: 3.1629
2021-09-25 18:49:51,541 - train.py[line:157] - INFO: using time 46.7394, training loss at epoch 36: 3.0029
2021-09-25 18:50:38,428 - train.py[line:157] - INFO: using time 46.8313, training loss at epoch 37: 2.8834
2021-09-25 18:51:25,324 - train.py[line:157] - INFO: using time 46.8405, training loss at epoch 38: 2.7202
2021-09-25 18:52:31,372 - train.py[line:140] - INFO: +-------+-------------------+--------------------+--------------------+----------------------------------------------------------+----------------------------------------------------------+----------------------------------------------------------+----------------------------------------------------------+-----+
| Epoch |   training time   |    tesing time     |        Loss        |                          recall                          |                           ndcg                           |                        precision                         |                        hit_ratio                         | auc |
+-------+-------------------+--------------------+--------------------+----------------------------------------------------------+----------------------------------------------------------+----------------------------------------------------------+----------------------------------------------------------+-----+
|   39  | 46.79324412345886 | 19.196599006652832 | 2.5943257808685303 | [0.12939394 0.17920406 0.24219358 0.28280129 0.31380799] | [0.08645545 0.1011269  0.11630904 0.12488228 0.13092378] | [0.02049813 0.01473938 0.01025946 0.00813464 0.00684667] | [0.19580888 0.2734162  0.36532508 0.42061365 0.46171619] | 0.0 |
+-------+-------------------+--------------------+--------------------+----------------------------------------------------------+----------------------------------------------------------+----------------------------------------------------------+----------------------------------------------------------+-----+
2021-09-25 18:53:18,151 - train.py[line:157] - INFO: using time 46.6166, training loss at epoch 40: 2.4831
2021-09-25 18:54:04,860 - train.py[line:157] - INFO: using time 46.6220, training loss at epoch 41: 2.3805
2021-09-25 18:54:51,756 - train.py[line:157] - INFO: using time 46.8357, training loss at epoch 42: 2.2478
2021-09-25 18:55:38,758 - train.py[line:157] - INFO: using time 46.9450, training loss at epoch 43: 2.1561
2021-09-25 18:56:25,774 - train.py[line:157] - INFO: using time 46.9588, training loss at epoch 44: 2.0710
2021-09-25 18:57:12,639 - train.py[line:157] - INFO: using time 46.8071, training loss at epoch 45: 1.9661
2021-09-25 18:57:59,514 - train.py[line:157] - INFO: using time 46.8097, training loss at epoch 46: 1.8785
2021-09-25 18:58:46,383 - train.py[line:157] - INFO: using time 46.8122, training loss at epoch 47: 1.8399
2021-09-25 18:59:33,469 - train.py[line:157] - INFO: using time 47.0241, training loss at epoch 48: 1.7047
2021-09-25 19:00:37,967 - train.py[line:140] - INFO: +-------+-------------------+-------------------+--------------------+----------------------------------------------------------+----------------------------------------------------------+----------------------------------------------------------+----------------------------------------------------------+-----+
| Epoch |   training time   |    tesing time    |        Loss        |                          recall                          |                           ndcg                           |                        precision                         |                        hit_ratio                         | auc |
+-------+-------------------+-------------------+--------------------+----------------------------------------------------------+----------------------------------------------------------+----------------------------------------------------------+----------------------------------------------------------+-----+
|   49  | 46.96265244483948 | 17.47365641593933 | 1.6648948192596436 | [0.13902453 0.18900018 0.24966904 0.28969449 0.32003662] | [0.09334317 0.1081579  0.1228218  0.13126558 0.13720651] | [0.02203225 0.01558847 0.01060834 0.00834527 0.00699916] | [0.20983319 0.28785638 0.37525992 0.43017883 0.46964096] | 0.0 |
+-------+-------------------+-------------------+--------------------+----------------------------------------------------------+----------------------------------------------------------+----------------------------------------------------------+----------------------------------------------------------+-----+
2021-09-25 19:01:24,909 - train.py[line:157] - INFO: using time 46.7626, training loss at epoch 50: 1.5845
2021-09-25 19:02:11,733 - train.py[line:157] - INFO: using time 46.7545, training loss at epoch 51: 1.5046
2021-09-25 19:02:58,661 - train.py[line:157] - INFO: using time 46.8699, training loss at epoch 52: 1.4728
2021-09-25 19:03:45,585 - train.py[line:157] - INFO: using time 46.8642, training loss at epoch 53: 1.4021
2021-09-25 19:04:32,545 - train.py[line:157] - INFO: using time 46.9032, training loss at epoch 54: 1.3659
2021-09-25 19:05:19,470 - train.py[line:157] - INFO: using time 46.8668, training loss at epoch 55: 1.2673
2021-09-25 19:06:06,411 - train.py[line:157] - INFO: using time 46.8833, training loss at epoch 56: 1.2256
2021-09-25 19:06:53,395 - train.py[line:157] - INFO: using time 46.9251, training loss at epoch 57: 1.2005
2021-09-25 19:07:40,327 - train.py[line:157] - INFO: using time 46.8745, training loss at epoch 58: 1.1609
2021-09-25 19:08:45,425 - train.py[line:140] - INFO: +-------+-------------------+--------------------+--------------------+----------------------------------------------------------+----------------------------------------------------------+----------------------------------------------------------+----------------------------------------------------------+-----+
| Epoch |   training time   |    tesing time     |        Loss        |                          recall                          |                           ndcg                           |                        precision                         |                        hit_ratio                         | auc |
+-------+-------------------+--------------------+--------------------+----------------------------------------------------------+----------------------------------------------------------+----------------------------------------------------------+----------------------------------------------------------+-----+
|   59  | 46.90813946723938 | 18.128750562667847 | 1.1180543899536133 | [0.14574145 0.19532156 0.25418686 0.2922597  0.32263191] | [0.09985422 0.11455256 0.12882846 0.13690435 0.14282462] | [0.02321288 0.01612102 0.0108105  0.00843846 0.0070624 ] | [0.22083083 0.29670533 0.38177533 0.43429139 0.4736149 ] | 0.0 |
+-------+-------------------+--------------------+--------------------+----------------------------------------------------------+----------------------------------------------------------+----------------------------------------------------------+----------------------------------------------------------+-----+
2021-09-25 19:09:32,484 - train.py[line:157] - INFO: using time 46.9226, training loss at epoch 60: 1.0703
2021-09-25 19:10:19,455 - train.py[line:157] - INFO: using time 46.9068, training loss at epoch 61: 1.0107
2021-09-25 19:11:06,620 - train.py[line:157] - INFO: using time 47.1018, training loss at epoch 62: 0.9903
2021-09-25 19:11:53,879 - train.py[line:157] - INFO: using time 47.2020, training loss at epoch 63: 0.9296
2021-09-25 19:12:40,964 - train.py[line:157] - INFO: using time 47.0268, training loss at epoch 64: 0.8922
2021-09-25 19:13:28,142 - train.py[line:157] - INFO: using time 47.1208, training loss at epoch 65: 0.8696
2021-09-25 19:14:15,279 - train.py[line:157] - INFO: using time 47.0795, training loss at epoch 66: 0.8371
2021-09-25 19:15:02,462 - train.py[line:157] - INFO: using time 47.1250, training loss at epoch 67: 0.7945
2021-09-25 19:15:49,649 - train.py[line:157] - INFO: using time 47.1301, training loss at epoch 68: 0.7969
2021-09-25 19:16:56,067 - train.py[line:140] - INFO: +-------+-------------------+-------------------+--------------------+----------------------------------------------------------+----------------------------------------------------------+----------------------------------------------------------+----------------------------------------------------------+-----+
| Epoch |   training time   |    tesing time    |        Loss        |                          recall                          |                           ndcg                           |                        precision                         |                        hit_ratio                         | auc |
+-------+-------------------+-------------------+--------------------+----------------------------------------------------------+----------------------------------------------------------+----------------------------------------------------------+----------------------------------------------------------+-----+
|   69  | 47.53965616226196 | 18.81571125984192 | 0.7344540953636169 | [0.15097184 0.20003175 0.2577916  0.29601457 0.32556558] | [0.10439045 0.11898494 0.13296573 0.14104509 0.14680264] | [0.02412088 0.01656    0.01098032 0.00854589 0.00711988] | [0.22857077 0.30402939 0.38718174 0.43895846 0.47717296] | 0.0 |
+-------+-------------------+-------------------+--------------------+----------------------------------------------------------+----------------------------------------------------------+----------------------------------------------------------+----------------------------------------------------------+-----+
2021-09-25 19:17:43,160 - train.py[line:157] - INFO: using time 46.9084, training loss at epoch 70: 0.7044
2021-09-25 19:18:30,009 - train.py[line:157] - INFO: using time 46.7810, training loss at epoch 71: 0.7077
2021-09-25 19:19:17,062 - train.py[line:157] - INFO: using time 46.9858, training loss at epoch 72: 0.6751
2021-09-25 19:20:04,143 - train.py[line:157] - INFO: using time 47.0176, training loss at epoch 73: 0.6440
2021-09-25 19:20:52,278 - train.py[line:157] - INFO: using time 48.0777, training loss at epoch 74: 0.6053
2021-09-25 19:21:40,333 - train.py[line:157] - INFO: using time 47.9953, training loss at epoch 75: 0.5888
2021-09-25 19:22:27,980 - train.py[line:157] - INFO: using time 47.5878, training loss at epoch 76: 0.5757
2021-09-25 19:23:16,159 - train.py[line:157] - INFO: using time 48.1201, training loss at epoch 77: 0.5599
2021-09-25 19:24:04,291 - train.py[line:157] - INFO: using time 48.0732, training loss at epoch 78: 0.5327
2021-09-25 19:25:09,492 - train.py[line:140] - INFO: +-------+-------------------+--------------------+--------------------+----------------------------------------------------------+----------------------------------------------------------+----------------------------------------------------------+----------------------------------------------------------+-----+
| Epoch |   training time   |    tesing time     |        Loss        |                          recall                          |                           ndcg                           |                        precision                         |                        hit_ratio                         | auc |
+-------+-------------------+--------------------+--------------------+----------------------------------------------------------+----------------------------------------------------------+----------------------------------------------------------+----------------------------------------------------------+-----+
|   79  | 46.63055229187012 | 18.507333755493164 | 0.5071171522140503 | [0.156196   0.20329485 0.25955297 0.29680434 0.32627744] | [0.10990718 0.12393965 0.13762643 0.14549593 0.15122065] | [0.02498267 0.01682917 0.01108717 0.00857939 0.00713923] | [0.23601035 0.30800333 0.3901853  0.44029851 0.47775057] | 0.0 |
+-------+-------------------+--------------------+--------------------+----------------------------------------------------------+----------------------------------------------------------+----------------------------------------------------------+----------------------------------------------------------+-----+
2021-09-25 19:25:56,181 - train.py[line:157] - INFO: using time 46.5500, training loss at epoch 80: 0.4907
2021-09-25 19:26:42,744 - train.py[line:157] - INFO: using time 46.4989, training loss at epoch 81: 0.4736
2021-09-25 19:27:29,523 - train.py[line:157] - INFO: using time 46.7173, training loss at epoch 82: 0.4720
2021-09-25 19:28:16,335 - train.py[line:157] - INFO: using time 46.7513, training loss at epoch 83: 0.4347
2021-09-25 19:29:03,393 - train.py[line:157] - INFO: using time 46.9999, training loss at epoch 84: 0.4397
2021-09-25 19:29:50,334 - train.py[line:157] - INFO: using time 46.8785, training loss at epoch 85: 0.4119
2021-09-25 19:30:37,269 - train.py[line:157] - INFO: using time 46.8777, training loss at epoch 86: 0.3996
2021-09-25 19:31:24,180 - train.py[line:157] - INFO: using time 46.8491, training loss at epoch 87: 0.3732
2021-09-25 19:32:11,069 - train.py[line:157] - INFO: using time 46.8310, training loss at epoch 88: 0.3617
2021-09-25 19:33:16,172 - train.py[line:140] - INFO: +-------+-------------------+-------------------+---------------------+----------------------------------------------------------+----------------------------------------------------------+----------------------------------------------------------+----------------------------------------------------------+-----+
| Epoch |   training time   |    tesing time    |         Loss        |                          recall                          |                           ndcg                           |                        precision                         |                        hit_ratio                         | auc |
+-------+-------------------+-------------------+---------------------+----------------------------------------------------------+----------------------------------------------------------+----------------------------------------------------------+----------------------------------------------------------+-----+
|   89  | 46.65319585800171 | 18.38307285308838 | 0.35810932517051697 | [0.15884716 0.20453035 0.2609992  0.29815547 0.32623006] | [0.11315689 0.12678054 0.14049763 0.14833576 0.15381967] | [0.02547248 0.01696548 0.0111536  0.00861867 0.00714183] | [0.24000739 0.30985167 0.39198743 0.44129199 0.47747331] | 0.0 |
+-------+-------------------+-------------------+---------------------+----------------------------------------------------------+----------------------------------------------------------+----------------------------------------------------------+----------------------------------------------------------+-----+
2021-09-25 19:34:02,991 - train.py[line:157] - INFO: using time 46.6511, training loss at epoch 90: 0.3358
2021-09-25 19:34:49,809 - train.py[line:157] - INFO: using time 46.7589, training loss at epoch 91: 0.3340
2021-09-25 19:35:36,752 - train.py[line:157] - INFO: using time 46.8764, training loss at epoch 92: 0.2865
2021-09-25 19:36:23,574 - train.py[line:157] - INFO: using time 46.7610, training loss at epoch 93: 0.2933
2021-09-25 19:37:10,466 - train.py[line:157] - INFO: using time 46.8288, training loss at epoch 94: 0.2743
2021-09-25 19:37:57,451 - train.py[line:157] - INFO: using time 46.9271, training loss at epoch 95: 0.2859
2021-09-25 19:38:44,364 - train.py[line:157] - INFO: using time 46.8554, training loss at epoch 96: 0.2515
2021-09-25 19:39:31,411 - train.py[line:157] - INFO: using time 46.9888, training loss at epoch 97: 0.2323
2021-09-25 19:40:18,307 - train.py[line:157] - INFO: using time 46.8386, training loss at epoch 98: 0.2180
2021-09-25 19:41:24,635 - train.py[line:140] - INFO: +-------+-------------------+-------------------+--------------------+----------------------------------------------------------+----------------------------------------------------------+----------------------------------------------------------+----------------------------------------------------------+-----+
| Epoch |   training time   |    tesing time    |        Loss        |                          recall                          |                           ndcg                           |                        precision                         |                        hit_ratio                         | auc |
+-------+-------------------+-------------------+--------------------+----------------------------------------------------------+----------------------------------------------------------+----------------------------------------------------------+----------------------------------------------------------+-----+
|   99  | 46.80317306518555 | 19.45803141593933 | 0.2252974659204483 | [0.15841248 0.20642533 0.26150336 0.29914532 0.32623831] | [0.11279965 0.12715401 0.14054785 0.14847432 0.15376244] | [0.02537082 0.01712259 0.01118363 0.0086514  0.00714616] | [0.23959152 0.31260108 0.39164087 0.4429324  0.47784298] | 0.0 |
+-------+-------------------+-------------------+--------------------+----------------------------------------------------------+----------------------------------------------------------+----------------------------------------------------------+----------------------------------------------------------+-----+
2021-09-25 19:42:11,408 - train.py[line:157] - INFO: using time 46.6150, training loss at epoch 100: 0.2298
2021-09-25 19:42:58,013 - train.py[line:157] - INFO: using time 46.5325, training loss at epoch 101: 0.2023
2021-09-25 19:43:44,762 - train.py[line:157] - INFO: using time 46.6896, training loss at epoch 102: 0.1924
2021-09-25 19:44:31,683 - train.py[line:157] - INFO: using time 46.8586, training loss at epoch 103: 0.1637
2021-09-25 19:45:18,600 - train.py[line:157] - INFO: using time 46.8564, training loss at epoch 104: 0.1762
2021-09-25 19:46:05,617 - train.py[line:157] - INFO: using time 46.9571, training loss at epoch 105: 0.1549
2021-09-25 19:46:52,533 - train.py[line:157] - INFO: using time 46.8592, training loss at epoch 106: 0.1488
2021-09-25 19:47:39,467 - train.py[line:157] - INFO: using time 46.8738, training loss at epoch 107: 0.1245
2021-09-25 19:48:26,388 - train.py[line:157] - INFO: using time 46.8646, training loss at epoch 108: 0.1151
2021-09-25 19:49:30,907 - train.py[line:140] - INFO: +-------+-------------------+-------------------+---------------------+----------------------------------------------------------+----------------------------------------------------------+----------------------------------------------------------+----------------------------------------------------------+-----+
| Epoch |   training time   |    tesing time    |         Loss        |                          recall                          |                           ndcg                           |                        precision                         |                        hit_ratio                         | auc |
+-------+-------------------+-------------------+---------------------+----------------------------------------------------------+----------------------------------------------------------+----------------------------------------------------------+----------------------------------------------------------+-----+
|  109  | 46.80222725868225 | 17.65480327606201 | 0.09032551944255829 | [0.1602709  0.2074583  0.26015009 0.29743025 0.32488801] | [0.11468715 0.12872942 0.14159122 0.14943388 0.15476676] | [0.02581905 0.01725082 0.01114089 0.00860635 0.00711121] | [0.24335752 0.31474978 0.3907167  0.44057576 0.47571739] | 0.0 |
+-------+-------------------+-------------------+---------------------+----------------------------------------------------------+----------------------------------------------------------+----------------------------------------------------------+----------------------------------------------------------+-----+
2021-09-25 19:50:17,767 - train.py[line:157] - INFO: using time 46.6958, training loss at epoch 110: 0.0817
2021-09-25 19:51:04,410 - train.py[line:157] - INFO: using time 46.5698, training loss at epoch 111: 0.0720
2021-09-25 19:51:51,345 - train.py[line:157] - INFO: using time 46.8713, training loss at epoch 112: 0.0307
2021-09-25 19:52:38,343 - train.py[line:157] - INFO: using time 46.9339, training loss at epoch 113: 0.0289
2021-09-25 19:53:25,247 - train.py[line:157] - INFO: using time 46.8426, training loss at epoch 114: 0.0123
2021-09-25 19:54:12,078 - train.py[line:157] - INFO: using time 46.7718, training loss at epoch 115: 0.0005
2021-09-25 19:54:59,007 - train.py[line:157] - INFO: using time 46.8693, training loss at epoch 116: 0.0021
2021-09-25 19:55:45,941 - train.py[line:157] - INFO: using time 46.8760, training loss at epoch 117: -0.0147
2021-09-25 19:56:32,883 - train.py[line:157] - INFO: using time 46.8835, training loss at epoch 118: -0.0185
2021-09-25 19:57:37,886 - train.py[line:140] - INFO: +-------+--------------------+--------------------+----------------------+----------------------------------------------------------+----------------------------------------------------------+----------------------------------------------------------+----------------------------------------------------------+-----+
| Epoch |   training time    |    tesing time     |         Loss         |                          recall                          |                           ndcg                           |                        precision                         |                        hit_ratio                         | auc |
+-------+--------------------+--------------------+----------------------+----------------------------------------------------------+----------------------------------------------------------+----------------------------------------------------------+----------------------------------------------------------+-----+
|  119  | 46.924367904663086 | 18.011162757873535 | -0.02899273857474327 | [0.16241703 0.20838553 0.26075518 0.29573107 0.323984  ] | [0.11746132 0.13116716 0.14395046 0.15130574 0.15679121] | [0.0261194  0.0173028  0.01116284 0.00854551 0.00708089] | [0.24587588 0.31555843 0.39145603 0.4381267  0.47465459] | 0.0 |
+-------+--------------------+--------------------+----------------------+----------------------------------------------------------+----------------------------------------------------------+----------------------------------------------------------+----------------------------------------------------------+-----+
2021-09-25 19:58:24,720 - train.py[line:157] - INFO: using time 46.7014, training loss at epoch 120: -0.0271
2021-09-25 19:59:11,388 - train.py[line:157] - INFO: using time 46.5996, training loss at epoch 121: -0.0401
2021-09-25 19:59:58,271 - train.py[line:157] - INFO: using time 46.8249, training loss at epoch 122: -0.0523
2021-09-25 20:00:45,143 - train.py[line:157] - INFO: using time 46.8138, training loss at epoch 123: -0.0548
2021-09-25 20:01:31,950 - train.py[line:157] - INFO: using time 46.7454, training loss at epoch 124: -0.0584
2021-09-25 20:02:18,834 - train.py[line:157] - INFO: using time 46.8255, training loss at epoch 125: -0.0834
2021-09-25 20:03:05,691 - train.py[line:157] - INFO: using time 46.7980, training loss at epoch 126: -0.0718
2021-09-25 20:03:52,542 - train.py[line:157] - INFO: using time 46.7915, training loss at epoch 127: -0.0727
2021-09-25 20:04:39,451 - train.py[line:157] - INFO: using time 46.8477, training loss at epoch 128: -0.0864
2021-09-25 20:05:44,724 - train.py[line:140] - INFO: +-------+--------------------+-------------------+----------------------+----------------------------------------------------------+----------------------------------------------------------+----------------------------------------------------------+----------------------------------------------------------+-----+
| Epoch |   training time    |    tesing time    |         Loss         |                          recall                          |                           ndcg                           |                        precision                         |                        hit_ratio                         | auc |
+-------+--------------------+-------------------+----------------------+----------------------------------------------------------+----------------------------------------------------------+----------------------------------------------------------+----------------------------------------------------------+-----+
|  129  | 46.787983894348145 | 18.42235541343689 | -0.08734656870365143 | [0.16517047 0.20962163 0.26187599 0.29630452 0.32274245] | [0.12007958 0.13332594 0.14608108 0.1533329  0.15847393] | [0.02658611 0.01740677 0.01119576 0.00855744 0.00705403] | [0.25012707 0.31729125 0.39219537 0.43891225 0.47303729] | 0.0 |
+-------+--------------------+-------------------+----------------------+----------------------------------------------------------+----------------------------------------------------------+----------------------------------------------------------+----------------------------------------------------------+-----+
2021-09-25 20:06:31,485 - train.py[line:157] - INFO: using time 46.5672, training loss at epoch 130: -0.1055
2021-09-25 20:07:18,161 - train.py[line:157] - INFO: using time 46.6083, training loss at epoch 131: -0.0885
2021-09-25 20:08:04,975 - train.py[line:157] - INFO: using time 46.7422, training loss at epoch 132: -0.1021
2021-09-25 20:08:52,920 - train.py[line:157] - INFO: using time 47.8835, training loss at epoch 133: -0.1060
2021-09-25 20:09:39,955 - train.py[line:157] - INFO: using time 46.9759, training loss at epoch 134: -0.1092
2021-09-25 20:10:27,214 - train.py[line:157] - INFO: using time 47.2016, training loss at epoch 135: -0.0969
2021-09-25 20:11:14,218 - train.py[line:157] - INFO: using time 46.9449, training loss at epoch 136: -0.1319
2021-09-25 20:12:01,083 - train.py[line:157] - INFO: using time 46.8040, training loss at epoch 137: -0.1182
2021-09-25 20:12:47,958 - train.py[line:157] - INFO: using time 46.8122, training loss at epoch 138: -0.1189
2021-09-25 20:13:53,119 - train.py[line:140] - INFO: +-------+--------------------+--------------------+----------------------+----------------------------------------------------------+----------------------------------------------------------+----------------------------------------------------------+----------------------------------------------------------+-----+
| Epoch |   training time    |    tesing time     |         Loss         |                          recall                          |                           ndcg                           |                        precision                         |                        hit_ratio                         | auc |
+-------+--------------------+--------------------+----------------------+----------------------------------------------------------+----------------------------------------------------------+----------------------------------------------------------+----------------------------------------------------------+-----+
|  139  | 46.831968784332275 | 18.267432689666748 | -0.13196898996829987 | [0.1672189  0.21123903 0.26239572 0.29503714 0.32169096] | [0.12263738 0.13576443 0.14825852 0.15515103 0.16031103] | [0.02693267 0.01756042 0.0112362  0.00853704 0.00703526] | [0.25280717 0.31992514 0.39392819 0.43699459 0.47174345] | 0.0 |
+-------+--------------------+--------------------+----------------------+----------------------------------------------------------+----------------------------------------------------------+----------------------------------------------------------+----------------------------------------------------------+-----+
2021-09-25 20:14:39,955 - train.py[line:157] - INFO: using time 46.6606, training loss at epoch 140: -0.1371
2021-09-25 20:15:26,692 - train.py[line:157] - INFO: using time 46.6684, training loss at epoch 141: -0.1514
2021-09-25 20:16:13,619 - train.py[line:157] - INFO: using time 46.8663, training loss at epoch 142: -0.1503
2021-09-25 20:17:00,616 - train.py[line:157] - INFO: using time 46.9282, training loss at epoch 143: -0.1405
2021-09-25 20:17:47,612 - train.py[line:157] - INFO: using time 46.9376, training loss at epoch 144: -0.1519
2021-09-25 20:18:34,645 - train.py[line:157] - INFO: using time 46.9704, training loss at epoch 145: -0.1555
2021-09-25 20:19:22,651 - train.py[line:157] - INFO: using time 47.9459, training loss at epoch 146: -0.1630
2021-09-25 20:20:10,939 - train.py[line:157] - INFO: using time 48.2284, training loss at epoch 147: -0.1776
2021-09-25 20:20:59,207 - train.py[line:157] - INFO: using time 48.2079, training loss at epoch 148: -0.1550
2021-09-25 20:22:05,351 - train.py[line:140] - INFO: +-------+-------------------+--------------------+----------------------+----------------------------------------------------------+----------------------------------------------------------+----------------------------------------------------------+----------------------------------------------------------+-----+
| Epoch |   training time   |    tesing time     |         Loss         |                          recall                          |                           ndcg                           |                        precision                         |                        hit_ratio                         | auc |
+-------+-------------------+--------------------+----------------------+----------------------------------------------------------+----------------------------------------------------------+----------------------------------------------------------+----------------------------------------------------------+-----+
|  149  | 48.04949998855591 | 18.031392335891724 | -0.16023419797420502 | [0.16806946 0.21238812 0.26293857 0.29609074 0.3216167 ] | [0.12383264 0.13706403 0.149384   0.1563712  0.16134078] | [0.02706437 0.01766554 0.01125583 0.00856207 0.0070367 ] | [0.25398549 0.32151934 0.39487547 0.43884294 0.4714893 ] | 0.0 |
+-------+-------------------+--------------------+----------------------+----------------------------------------------------------+----------------------------------------------------------+----------------------------------------------------------+----------------------------------------------------------+-----+
2021-09-25 20:22:52,230 - train.py[line:157] - INFO: using time 46.7012, training loss at epoch 150: -0.1788
2021-09-25 20:23:38,899 - train.py[line:157] - INFO: using time 46.6059, training loss at epoch 151: -0.1794
2021-09-25 20:24:25,919 - train.py[line:157] - INFO: using time 46.9516, training loss at epoch 152: -0.1777
2021-09-25 20:25:12,944 - train.py[line:157] - INFO: using time 46.9612, training loss at epoch 153: -0.1746
2021-09-25 20:25:59,906 - train.py[line:157] - INFO: using time 46.9029, training loss at epoch 154: -0.1752
2021-09-25 20:26:46,920 - train.py[line:157] - INFO: using time 46.9497, training loss at epoch 155: -0.1944
2021-09-25 20:27:33,970 - train.py[line:157] - INFO: using time 46.9871, training loss at epoch 156: -0.1953
2021-09-25 20:28:21,086 - train.py[line:157] - INFO: using time 47.0524, training loss at epoch 157: -0.1916
2021-09-25 20:29:08,221 - train.py[line:157] - INFO: using time 47.0762, training loss at epoch 158: -0.1945
2021-09-25 20:30:13,714 - train.py[line:140] - INFO: +-------+--------------------+--------------------+----------------------+----------------------------------------------------------+----------------------------------------------------------+----------------------------------------------------------+----------------------------------------------------------+-----+
| Epoch |   training time    |    tesing time     |         Loss         |                          recall                          |                           ndcg                           |                        precision                         |                        hit_ratio                         | auc |
+-------+--------------------+--------------------+----------------------+----------------------------------------------------------+----------------------------------------------------------+----------------------------------------------------------+----------------------------------------------------------+-----+
|  159  | 47.024659395217896 | 18.405550718307495 | -0.20787997543811798 | [0.16820914 0.2116007  0.26188523 0.29526208 0.32150367] | [0.12482979 0.13777523 0.15002536 0.15706556 0.16215692] | [0.02716603 0.0176228  0.01120963 0.00853935 0.00703179] | [0.25504829 0.32110346 0.39351231 0.43752599 0.47111963] | 0.0 |
+-------+--------------------+--------------------+----------------------+----------------------------------------------------------+----------------------------------------------------------+----------------------------------------------------------+----------------------------------------------------------+-----+
2021-09-25 20:31:00,631 - train.py[line:157] - INFO: using time 46.8022, training loss at epoch 160: -0.1984
2021-09-25 20:31:47,269 - train.py[line:157] - INFO: using time 46.5728, training loss at epoch 161: -0.1986
2021-09-25 20:32:34,172 - train.py[line:157] - INFO: using time 46.8441, training loss at epoch 162: -0.2215
2021-09-25 20:33:21,086 - train.py[line:157] - INFO: using time 46.8496, training loss at epoch 163: -0.2053
2021-09-25 20:34:08,104 - train.py[line:157] - INFO: using time 46.9575, training loss at epoch 164: -0.2170
2021-09-25 20:34:55,171 - train.py[line:157] - INFO: using time 47.0080, training loss at epoch 165: -0.2129
2021-09-25 20:35:42,198 - train.py[line:157] - INFO: using time 46.9666, training loss at epoch 166: -0.2140
2021-09-25 20:36:29,244 - train.py[line:157] - INFO: using time 46.9875, training loss at epoch 167: -0.2236
2021-09-25 20:37:16,130 - train.py[line:157] - INFO: using time 46.8270, training loss at epoch 168: -0.2256
2021-09-25 20:38:20,357 - train.py[line:140] - INFO: +-------+--------------------+-------------------+----------------------+----------------------------------------------------------+----------------------------------------------------------+----------------------------------------------------------+----------------------------------------------------------+-----+
| Epoch |   training time    |    tesing time    |         Loss         |                          recall                          |                           ndcg                           |                        precision                         |                        hit_ratio                         | auc |
+-------+--------------------+-------------------+----------------------+----------------------------------------------------------+----------------------------------------------------------+----------------------------------------------------------+----------------------------------------------------------+-----+
|  169  | 46.816264152526855 | 17.34165859222412 | -0.23901908099651337 | [0.16977588 0.21320573 0.26250855 0.29568561 0.32055105] | [0.12553766 0.13853603 0.15052533 0.15754938 0.1623721 ] | [0.02743173 0.01777644 0.0112258  0.00855513 0.00700898] | [0.25747424 0.32364493 0.39413613 0.43849637 0.47001063] | 0.0 |
+-------+--------------------+-------------------+----------------------+----------------------------------------------------------+----------------------------------------------------------+----------------------------------------------------------+----------------------------------------------------------+-----+
2021-09-25 20:39:07,060 - train.py[line:157] - INFO: using time 46.5710, training loss at epoch 170: -0.2208
2021-09-25 20:39:53,728 - train.py[line:157] - INFO: using time 46.6054, training loss at epoch 171: -0.2264
2021-09-25 20:40:40,621 - train.py[line:157] - INFO: using time 46.8312, training loss at epoch 172: -0.2344
2021-09-25 20:41:27,642 - train.py[line:157] - INFO: using time 46.9588, training loss at epoch 173: -0.2366
2021-09-25 20:42:14,456 - train.py[line:157] - INFO: using time 46.7556, training loss at epoch 174: -0.2421
2021-09-25 20:43:01,325 - train.py[line:157] - INFO: using time 46.8058, training loss at epoch 175: -0.2397
2021-09-25 20:43:48,198 - train.py[line:157] - INFO: using time 46.8154, training loss at epoch 176: -0.2424
2021-09-25 20:44:35,029 - train.py[line:157] - INFO: using time 46.7684, training loss at epoch 177: -0.2423
2021-09-25 20:45:21,894 - train.py[line:157] - INFO: using time 46.8062, training loss at epoch 178: -0.2454
2021-09-25 20:46:26,868 - train.py[line:140] - INFO: +-------+--------------------+------------------+----------------------+----------------------------------------------------------+----------------------------------------------------------+----------------------------------------------------------+----------------------------------------------------------+-----+
| Epoch |   training time    |   tesing time    |         Loss         |                          recall                          |                           ndcg                           |                        precision                         |                        hit_ratio                         | auc |
+-------+--------------------+------------------+----------------------+----------------------------------------------------------+----------------------------------------------------------+----------------------------------------------------------+----------------------------------------------------------+-----+
|  179  | 46.832175970077515 | 18.0796217918396 | -0.24487890303134918 | [0.17039161 0.21321313 0.26232591 0.29425934 0.3200216 ] | [0.12729126 0.14008916 0.15209036 0.158821   0.16381374] | [0.02750797 0.01774987 0.01124139 0.00851008 0.00699627] | [0.25872187 0.32276697 0.39418234 0.43671734 0.46968717] | 0.0 |
+-------+--------------------+------------------+----------------------+----------------------------------------------------------+----------------------------------------------------------+----------------------------------------------------------+----------------------------------------------------------+-----+
2021-09-25 20:47:13,555 - train.py[line:157] - INFO: using time 46.5227, training loss at epoch 180: -0.2439
2021-09-25 20:48:00,172 - train.py[line:157] - INFO: using time 46.5541, training loss at epoch 181: -0.2459
2021-09-25 20:48:46,794 - train.py[line:157] - INFO: using time 46.5634, training loss at epoch 182: -0.2441
2021-09-25 20:49:33,624 - train.py[line:157] - INFO: using time 46.7706, training loss at epoch 183: -0.2480
2021-09-25 20:50:20,612 - train.py[line:157] - INFO: using time 46.9300, training loss at epoch 184: -0.2538
2021-09-25 20:51:07,603 - train.py[line:157] - INFO: using time 46.9330, training loss at epoch 185: -0.2608
2021-09-25 20:51:54,467 - train.py[line:157] - INFO: using time 46.8041, training loss at epoch 186: -0.2539
2021-09-25 20:52:41,380 - train.py[line:157] - INFO: using time 46.8473, training loss at epoch 187: -0.2609
2021-09-25 20:53:28,273 - train.py[line:157] - INFO: using time 46.8310, training loss at epoch 188: -0.2704
2021-09-25 20:54:35,480 - train.py[line:140] - INFO: +-------+------------------+--------------------+---------------------+----------------------------------------------------------+----------------------------------------------------------+----------------------------------------------------------+----------------------------------------------------------+-----+
| Epoch |  training time   |    tesing time     |         Loss        |                          recall                          |                           ndcg                           |                        precision                         |                        hit_ratio                         | auc |
+-------+------------------+--------------------+---------------------+----------------------------------------------------------+----------------------------------------------------------+----------------------------------------------------------+----------------------------------------------------------+-----+
|  189  | 46.8836989402771 | 20.261693477630615 | -0.2775103747844696 | [0.17071324 0.21205595 0.26144482 0.29468969 0.31899544] | [0.12777076 0.14015703 0.15221963 0.1591994  0.16391922] | [0.02756573 0.01765977 0.0111975  0.00851778 0.00697085] | [0.25858324 0.32170417 0.39247262 0.43678665 0.46846264] | 0.0 |
+-------+------------------+--------------------+---------------------+----------------------------------------------------------+----------------------------------------------------------+----------------------------------------------------------+----------------------------------------------------------+-----+
2021-09-25 20:55:22,301 - train.py[line:157] - INFO: using time 46.7048, training loss at epoch 190: -0.2674
2021-09-25 20:56:08,900 - train.py[line:157] - INFO: using time 46.5299, training loss at epoch 191: -0.2634
2021-09-25 20:56:55,599 - train.py[line:157] - INFO: using time 46.6313, training loss at epoch 192: -0.2744
2021-09-25 20:57:42,410 - train.py[line:157] - INFO: using time 46.7473, training loss at epoch 193: -0.2670
2021-09-25 20:58:29,489 - train.py[line:157] - INFO: using time 47.0004, training loss at epoch 194: -0.2709
2021-09-25 20:59:17,652 - train.py[line:157] - INFO: using time 48.1028, training loss at epoch 195: -0.2678
2021-09-25 21:00:05,548 - train.py[line:157] - INFO: using time 47.8359, training loss at epoch 196: -0.2835
2021-09-25 21:00:53,026 - train.py[line:157] - INFO: using time 47.4125, training loss at epoch 197: -0.2642
2021-09-25 21:01:39,999 - train.py[line:157] - INFO: using time 46.9110, training loss at epoch 198: -0.2875
2021-09-25 21:02:45,158 - train.py[line:140] - INFO: +-------+--------------------+--------------------+---------------------+----------------------------------------------------------+----------------------------------------------------------+----------------------------------------------------------+----------------------------------------------------------+-----+
| Epoch |   training time    |    tesing time     |         Loss        |                          recall                          |                           ndcg                           |                        precision                         |                        hit_ratio                         | auc |
+-------+--------------------+--------------------+---------------------+----------------------------------------------------------+----------------------------------------------------------+----------------------------------------------------------+----------------------------------------------------------+-----+
|  199  | 46.795053005218506 | 18.297746419906616 | -0.2841174900531769 | [0.17076278 0.21424043 0.2623947  0.29403481 0.31823898] | [0.12802228 0.14102886 0.15276366 0.15947064 0.16415141] | [0.02757266 0.01784576 0.0112258  0.0085097  0.00695237] | [0.25830599 0.324546   0.39378957 0.43611663 0.46696086] | 0.0 |
+-------+--------------------+--------------------+---------------------+----------------------------------------------------------+----------------------------------------------------------+----------------------------------------------------------+----------------------------------------------------------+-----+
2021-09-25 21:03:29,993 - train.py[line:157] - INFO: using time 44.6800, training loss at epoch 200: -0.2867
2021-09-25 21:04:16,528 - train.py[line:157] - INFO: using time 46.4681, training loss at epoch 201: -0.2758
2021-09-25 21:05:03,170 - train.py[line:157] - INFO: using time 46.5686, training loss at epoch 202: -0.2816
2021-09-25 21:05:49,957 - train.py[line:157] - INFO: using time 46.7286, training loss at epoch 203: -0.2815
2021-09-25 21:06:36,776 - train.py[line:157] - INFO: using time 46.7579, training loss at epoch 204: -0.2805
2021-09-25 21:07:23,595 - train.py[line:157] - INFO: using time 46.7514, training loss at epoch 205: -0.2836
2021-09-25 21:08:10,406 - train.py[line:157] - INFO: using time 46.7487, training loss at epoch 206: -0.2933
2021-09-25 21:08:57,200 - train.py[line:157] - INFO: using time 46.7357, training loss at epoch 207: -0.2828
2021-09-25 21:09:44,054 - train.py[line:157] - INFO: using time 46.7925, training loss at epoch 208: -0.2880
2021-09-25 21:10:49,339 - train.py[line:140] - INFO: +-------+-------------------+-------------------+---------------------+----------------------------------------------------------+----------------------------------------------------------+----------------------------------------------------------+----------------------------------------------------------+-----+
| Epoch |   training time   |    tesing time    |         Loss        |                          recall                          |                           ndcg                           |                        precision                         |                        hit_ratio                         | auc |
+-------+-------------------+-------------------+---------------------+----------------------------------------------------------+----------------------------------------------------------+----------------------------------------------------------+----------------------------------------------------------+-----+
|  209  | 46.80456185340881 | 18.41374683380127 | -0.2913806736469269 | [0.1710305  0.21307383 0.26170051 0.29290776 0.31742976] | [0.12818689 0.14078919 0.15261777 0.15921504 0.1639832 ] | [0.02763504 0.01775449 0.01119172 0.00846464 0.00693591] | [0.25858324 0.3229518  0.39305023 0.43412966 0.46585186] | 0.0 |
+-------+-------------------+-------------------+---------------------+----------------------------------------------------------+----------------------------------------------------------+----------------------------------------------------------+----------------------------------------------------------+-----+
2021-09-25 21:11:36,020 - train.py[line:157] - INFO: using time 46.5581, training loss at epoch 210: -0.2839
2021-09-25 21:12:22,627 - train.py[line:157] - INFO: using time 46.5475, training loss at epoch 211: -0.2914
2021-09-25 21:13:09,280 - train.py[line:157] - INFO: using time 46.5933, training loss at epoch 212: -0.2856
2021-09-25 21:13:56,216 - train.py[line:157] - INFO: using time 46.8712, training loss at epoch 213: -0.3001
2021-09-25 21:14:43,176 - train.py[line:157] - INFO: using time 46.9005, training loss at epoch 214: -0.2901
2021-09-25 21:15:30,112 - train.py[line:157] - INFO: using time 46.8779, training loss at epoch 215: -0.2866
2021-09-25 21:16:16,961 - train.py[line:157] - INFO: using time 46.7883, training loss at epoch 216: -0.3008
2021-09-25 21:17:03,912 - train.py[line:157] - INFO: using time 46.8913, training loss at epoch 217: -0.3010
2021-09-25 21:17:50,835 - train.py[line:157] - INFO: using time 46.8641, training loss at epoch 218: -0.2985
2021-09-25 21:18:56,533 - train.py[line:140] - INFO: +-------+--------------------+--------------------+---------------------+----------------------------------------------------------+----------------------------------------------------------+----------------------------------------------------------+----------------------------------------------------------+-----+
| Epoch |   training time    |    tesing time     |         Loss        |                          recall                          |                           ndcg                           |                        precision                         |                        hit_ratio                         | auc |
+-------+--------------------+--------------------+---------------------+----------------------------------------------------------+----------------------------------------------------------+----------------------------------------------------------+----------------------------------------------------------+-----+
|  219  | 46.840004205703735 | 18.795185089111328 | -0.3014344573020935 | [0.17232972 0.21276369 0.2606025  0.29155111 0.31696707] | [0.12986239 0.14198655 0.15364205 0.16016305 0.16510519] | [0.02790305 0.01773023 0.01115071 0.00842074 0.0069258 ] | [0.26107851 0.32281318 0.39187191 0.43318239 0.46525114] | 0.0 |
+-------+--------------------+--------------------+---------------------+----------------------------------------------------------+----------------------------------------------------------+----------------------------------------------------------+----------------------------------------------------------+-----+
2021-09-25 21:19:43,222 - train.py[line:157] - INFO: using time 46.5708, training loss at epoch 220: -0.3098
2021-09-25 21:20:29,816 - train.py[line:157] - INFO: using time 46.5311, training loss at epoch 221: -0.3018
2021-09-25 21:21:16,380 - train.py[line:157] - INFO: using time 46.5004, training loss at epoch 222: -0.3064
2021-09-25 21:22:03,265 - train.py[line:157] - INFO: using time 46.8205, training loss at epoch 223: -0.3092
2021-09-25 21:22:50,373 - train.py[line:157] - INFO: using time 47.0477, training loss at epoch 224: -0.3104
2021-09-25 21:23:37,282 - train.py[line:157] - INFO: using time 46.8484, training loss at epoch 225: -0.3054
2021-09-25 21:24:24,039 - train.py[line:157] - INFO: using time 46.6980, training loss at epoch 226: -0.3136
2021-09-25 21:25:10,919 - train.py[line:157] - INFO: using time 46.8195, training loss at epoch 227: -0.3155
2021-09-25 21:25:57,827 - train.py[line:157] - INFO: using time 46.8433, training loss at epoch 228: -0.3044
2021-09-25 21:27:02,160 - train.py[line:140] - INFO: +-------+--------------------+--------------------+----------------------+----------------------------------------------------------+----------------------------------------------------------+----------------------------------------------------------+----------------------------------------------------------+-----+
| Epoch |   training time    |    tesing time     |         Loss         |                          recall                          |                           ndcg                           |                        precision                         |                        hit_ratio                         | auc |
+-------+--------------------+--------------------+----------------------+----------------------------------------------------------+----------------------------------------------------------+----------------------------------------------------------+----------------------------------------------------------+-----+
|  229  | 46.966753244400024 | 17.304271936416626 | -0.31971198320388794 | [0.17194916 0.21313799 0.26051046 0.29201058 0.31672238] | [0.12891998 0.14123565 0.1527639  0.15942635 0.16423075] | [0.02781757 0.01774756 0.01112876 0.00842999 0.00691714] | [0.2605009  0.32357562 0.39147914 0.43336722 0.46545908] | 0.0 |
+-------+--------------------+--------------------+----------------------+----------------------------------------------------------+----------------------------------------------------------+----------------------------------------------------------+----------------------------------------------------------+-----+
2021-09-25 21:27:48,877 - train.py[line:157] - INFO: using time 46.5972, training loss at epoch 230: -0.3072
2021-09-25 21:28:35,493 - train.py[line:157] - INFO: using time 46.5494, training loss at epoch 231: -0.3126
2021-09-25 21:29:22,138 - train.py[line:157] - INFO: using time 46.5718, training loss at epoch 232: -0.3148
2021-09-25 21:30:09,462 - train.py[line:157] - INFO: using time 47.2619, training loss at epoch 233: -0.3260
2021-09-25 21:30:57,415 - train.py[line:157] - INFO: using time 47.8935, training loss at epoch 234: -0.3308
2021-09-25 21:31:45,277 - train.py[line:157] - INFO: using time 47.7959, training loss at epoch 235: -0.3185
2021-09-25 21:32:33,176 - train.py[line:157] - INFO: using time 47.8356, training loss at epoch 236: -0.3157
2021-09-25 21:33:21,170 - train.py[line:157] - INFO: using time 47.9345, training loss at epoch 237: -0.3143
2021-09-25 21:34:09,076 - train.py[line:157] - INFO: using time 47.8461, training loss at epoch 238: -0.3280
2021-09-25 21:35:15,526 - train.py[line:140] - INFO: +-------+-------------------+--------------------+----------------------+----------------------------------------------------------+----------------------------------------------------------+----------------------------------------------------------+----------------------------------------------------------+-----+
| Epoch |   training time   |    tesing time     |         Loss         |                          recall                          |                           ndcg                           |                        precision                         |                        hit_ratio                         | auc |
+-------+-------------------+--------------------+----------------------+----------------------------------------------------------+----------------------------------------------------------+----------------------------------------------------------+----------------------------------------------------------+-----+
|  239  | 47.94348645210266 | 18.440261602401733 | -0.32206210494041443 | [0.1717919  0.21247784 0.26116938 0.2915209  0.31592894] | [0.12932988 0.14152739 0.15337844 0.15977942 0.16451414] | [0.02774826 0.01769211 0.01116573 0.00841458 0.00689345] | [0.26003882 0.32253593 0.39300402 0.43318239 0.46407282] | 0.0 |
+-------+-------------------+--------------------+----------------------+----------------------------------------------------------+----------------------------------------------------------+----------------------------------------------------------+----------------------------------------------------------+-----+
2021-09-25 21:36:02,901 - train.py[line:157] - INFO: using time 47.2542, training loss at epoch 240: -0.3336
2021-09-25 21:36:50,922 - train.py[line:157] - INFO: using time 47.9591, training loss at epoch 241: -0.3258
2021-09-25 21:37:38,662 - train.py[line:157] - INFO: using time 47.6784, training loss at epoch 242: -0.3286
2021-09-25 21:38:26,847 - train.py[line:157] - INFO: using time 48.1173, training loss at epoch 243: -0.3298
2021-09-25 21:39:15,035 - train.py[line:157] - INFO: using time 48.1299, training loss at epoch 244: -0.3352
2021-09-25 21:40:03,279 - train.py[line:157] - INFO: using time 48.1835, training loss at epoch 245: -0.3304
2021-09-25 21:40:51,485 - train.py[line:157] - INFO: using time 48.1458, training loss at epoch 246: -0.3289
2021-09-25 21:41:39,547 - train.py[line:157] - INFO: using time 48.0023, training loss at epoch 247: -0.3278
2021-09-25 21:42:27,528 - train.py[line:157] - INFO: using time 47.9213, training loss at epoch 248: -0.3301
2021-09-25 21:43:34,329 - train.py[line:140] - INFO: +-------+-------------------+-------------------+--------------------+----------------------------------------------------------+----------------------------------------------------------+----------------------------------------------------------+----------------------------------------------------------+-----+
| Epoch |   training time   |    tesing time    |        Loss        |                          recall                          |                           ndcg                           |                        precision                         |                        hit_ratio                         | auc |
+-------+-------------------+-------------------+--------------------+----------------------------------------------------------+----------------------------------------------------------+----------------------------------------------------------+----------------------------------------------------------+-----+
|  249  | 48.02331519126892 | 18.70683979988098 | -0.327831506729126 | [0.17200666 0.21350613 0.26022383 0.29113636 0.31560321] | [0.1300502  0.14240871 0.15379689 0.16032342 0.16506198] | [0.0278915  0.01777875 0.01113223 0.00840881 0.00688826] | [0.26144818 0.32429185 0.39143293 0.43267409 0.46384178] | 0.0 |
+-------+-------------------+-------------------+--------------------+----------------------------------------------------------+----------------------------------------------------------+----------------------------------------------------------+----------------------------------------------------------+-----+
2021-09-25 21:44:21,117 - train.py[line:157] - INFO: using time 46.6610, training loss at epoch 250: -0.3144
2021-09-25 21:45:07,820 - train.py[line:157] - INFO: using time 46.6288, training loss at epoch 251: -0.3336
2021-09-25 21:45:54,480 - train.py[line:157] - INFO: using time 46.5997, training loss at epoch 252: -0.3367
2021-09-25 21:46:41,414 - train.py[line:157] - INFO: using time 46.8739, training loss at epoch 253: -0.3265
2021-09-25 21:47:28,328 - train.py[line:157] - INFO: using time 46.8527, training loss at epoch 254: -0.3257
2021-09-25 21:48:15,287 - train.py[line:157] - INFO: using time 46.8994, training loss at epoch 255: -0.3438
2021-09-25 21:49:02,306 - train.py[line:157] - INFO: using time 46.9549, training loss at epoch 256: -0.3344
2021-09-25 21:49:49,384 - train.py[line:157] - INFO: using time 47.0173, training loss at epoch 257: -0.3353
2021-09-25 21:50:36,516 - train.py[line:157] - INFO: using time 47.0737, training loss at epoch 258: -0.3305
2021-09-25 21:51:42,270 - train.py[line:140] - INFO: +-------+-------------------+--------------------+----------------------+----------------------------------------------------------+----------------------------------------------------------+----------------------------------------------------------+----------------------------------------------------------+-----+
| Epoch |   training time   |    tesing time     |         Loss         |                          recall                          |                           ndcg                           |                        precision                         |                        hit_ratio                         | auc |
+-------+-------------------+--------------------+----------------------+----------------------------------------------------------+----------------------------------------------------------+----------------------------------------------------------+----------------------------------------------------------+-----+
|  259  | 47.06975722312927 | 18.614315032958984 | -0.34292447566986084 | [0.17255313 0.21354874 0.25991016 0.29102126 0.31464205] | [0.13049109 0.14269848 0.15401454 0.16059956 0.16517567] | [0.02798392 0.01778222 0.01111201 0.00840996 0.00686977] | [0.26172543 0.3240146  0.39092463 0.43306686 0.46268657] | 0.0 |
+-------+-------------------+--------------------+----------------------+----------------------------------------------------------+----------------------------------------------------------+----------------------------------------------------------+----------------------------------------------------------+-----+
2021-09-25 21:52:29,029 - train.py[line:157] - INFO: using time 46.6340, training loss at epoch 260: -0.3268
2021-09-25 21:53:15,649 - train.py[line:157] - INFO: using time 46.5496, training loss at epoch 261: -0.3342
2021-09-25 21:54:02,429 - train.py[line:157] - INFO: using time 46.7156, training loss at epoch 262: -0.3429
2021-09-25 21:54:49,273 - train.py[line:157] - INFO: using time 46.7801, training loss at epoch 263: -0.3397
2021-09-25 21:55:36,061 - train.py[line:157] - INFO: using time 46.7278, training loss at epoch 264: -0.3378
2021-09-25 21:56:23,177 - train.py[line:157] - INFO: using time 47.0556, training loss at epoch 265: -0.3421
2021-09-25 21:57:09,998 - train.py[line:157] - INFO: using time 46.7598, training loss at epoch 266: -0.3510
2021-09-25 21:57:56,818 - train.py[line:157] - INFO: using time 46.7573, training loss at epoch 267: -0.3382
2021-09-25 21:58:43,706 - train.py[line:157] - INFO: using time 46.8291, training loss at epoch 268: -0.3426
2021-09-25 21:59:48,932 - train.py[line:140] - INFO: +-------+-------------------+--------------------+---------------------+----------------------------------------------------------+----------------------------------------------------------+----------------------------------------------------------+----------------------------------------------------------+-----+
| Epoch |   training time   |    tesing time     |         Loss        |                          recall                          |                           ndcg                           |                        precision                         |                        hit_ratio                         | auc |
+-------+-------------------+--------------------+---------------------+----------------------------------------------------------+----------------------------------------------------------+----------------------------------------------------------+----------------------------------------------------------+-----+
|  269  | 46.75217032432556 | 18.413084268569946 | -0.3436245620250702 | [0.17127221 0.21249679 0.25953407 0.29059685 0.31449426] | [0.12995233 0.14229889 0.15374862 0.16030646 0.16493565] | [0.02775057 0.01771753 0.01109122 0.00839109 0.00686226] | [0.26017744 0.32352941 0.39067049 0.43211959 0.46236311] | 0.0 |
+-------+-------------------+--------------------+---------------------+----------------------------------------------------------+----------------------------------------------------------+----------------------------------------------------------+----------------------------------------------------------+-----+
2021-09-25 22:00:35,880 - train.py[line:157] - INFO: using time 46.8244, training loss at epoch 270: -0.3415
2021-09-25 22:01:22,675 - train.py[line:157] - INFO: using time 46.7304, training loss at epoch 271: -0.3506
2021-09-25 22:02:09,414 - train.py[line:157] - INFO: using time 46.6792, training loss at epoch 272: -0.3439
2021-09-25 22:02:56,650 - train.py[line:157] - INFO: using time 47.1676, training loss at epoch 273: -0.3482
2021-09-25 22:03:43,823 - train.py[line:157] - INFO: using time 47.1130, training loss at epoch 274: -0.3477
2021-09-25 22:04:31,000 - train.py[line:157] - INFO: using time 47.1149, training loss at epoch 275: -0.3511
2021-09-25 22:05:18,003 - train.py[line:157] - INFO: using time 46.9425, training loss at epoch 276: -0.3566
2021-09-25 22:06:05,011 - train.py[line:157] - INFO: using time 46.9458, training loss at epoch 277: -0.3425
2021-09-25 22:06:52,177 - train.py[line:157] - INFO: using time 47.1055, training loss at epoch 278: -0.3517
2021-09-25 22:07:58,841 - train.py[line:140] - INFO: +-------+--------------------+--------------------+----------------------+----------------------------------------------------------+----------------------------------------------------------+----------------------------------------------------------+----------------------------------------------------------+-----+
| Epoch |   training time    |    tesing time     |         Loss         |                          recall                          |                           ndcg                           |                        precision                         |                        hit_ratio                         | auc |
+-------+--------------------+--------------------+----------------------+----------------------------------------------------------+----------------------------------------------------------+----------------------------------------------------------+----------------------------------------------------------+-----+
|  279  | 46.986806869506836 | 19.615216493606567 | -0.35802730917930603 | [0.17168365 0.21166387 0.25924476 0.29015832 0.31340677] | [0.13078043 0.1427111  0.15429674 0.16080208 0.16532149] | [0.02780833 0.01762742 0.01108428 0.00837146 0.00683483] | [0.2604778  0.32145003 0.39009288 0.43135715 0.46130031] | 0.0 |
+-------+--------------------+--------------------+----------------------+----------------------------------------------------------+----------------------------------------------------------+----------------------------------------------------------+----------------------------------------------------------+-----+
2021-09-25 22:08:45,462 - train.py[line:157] - INFO: using time 46.4973, training loss at epoch 280: -0.3463
2021-09-25 22:09:32,112 - train.py[line:157] - INFO: using time 46.5789, training loss at epoch 281: -0.3487
2021-09-25 22:10:18,793 - train.py[line:157] - INFO: using time 46.6219, training loss at epoch 282: -0.3482
2021-09-25 22:11:05,504 - train.py[line:157] - INFO: using time 46.6489, training loss at epoch 283: -0.3626
2021-09-25 22:11:52,366 - train.py[line:157] - INFO: using time 46.8035, training loss at epoch 284: -0.3477
2021-09-25 22:12:39,237 - train.py[line:157] - INFO: using time 46.8104, training loss at epoch 285: -0.3506
2021-09-25 22:13:26,094 - train.py[line:157] - INFO: using time 46.7964, training loss at epoch 286: -0.3605
2021-09-25 22:14:13,023 - train.py[line:157] - INFO: using time 46.8692, training loss at epoch 287: -0.3522
2021-09-25 22:14:59,939 - train.py[line:157] - INFO: using time 46.8557, training loss at epoch 288: -0.3455
2021-09-25 22:16:04,808 - train.py[line:140] - INFO: +-------+--------------------+-------------------+----------------------+----------------------------------------------------------+----------------------------------------------------------+----------------------------------------------------------+----------------------------------------------------------+-----+
| Epoch |   training time    |    tesing time    |         Loss         |                          recall                          |                           ndcg                           |                        precision                         |                        hit_ratio                         | auc |
+-------+--------------------+-------------------+----------------------+----------------------------------------------------------+----------------------------------------------------------+----------------------------------------------------------+----------------------------------------------------------+-----+
|  289  | 46.801509380340576 | 18.00406551361084 | -0.35555845499038696 | [0.17162857 0.21212966 0.25960111 0.28981216 0.31288788] | [0.13010566 0.14220662 0.15375298 0.1601254  0.16462027] | [0.02781295 0.01768634 0.01109815 0.00835952 0.00682847] | [0.26066263 0.32251282 0.39097084 0.43149577 0.46081512] | 0.0 |
+-------+--------------------+-------------------+----------------------+----------------------------------------------------------+----------------------------------------------------------+----------------------------------------------------------+----------------------------------------------------------+-----+
2021-09-25 22:16:51,526 - train.py[line:157] - INFO: using time 46.5926, training loss at epoch 290: -0.3519
2021-09-25 22:17:38,087 - train.py[line:157] - INFO: using time 46.4946, training loss at epoch 291: -0.3586
2021-09-25 22:18:24,611 - train.py[line:157] - INFO: using time 46.4644, training loss at epoch 292: -0.3584
2021-09-25 22:19:11,375 - train.py[line:157] - INFO: using time 46.7022, training loss at epoch 293: -0.3602
2021-09-25 22:19:58,411 - train.py[line:157] - INFO: using time 46.9776, training loss at epoch 294: -0.3620
2021-09-25 22:20:45,441 - train.py[line:157] - INFO: using time 46.9587, training loss at epoch 295: -0.3626
2021-09-25 22:21:32,392 - train.py[line:157] - INFO: using time 46.8894, training loss at epoch 296: -0.3676
2021-09-25 22:22:19,325 - train.py[line:157] - INFO: using time 46.8735, training loss at epoch 297: -0.3557
2021-09-25 22:23:06,286 - train.py[line:157] - INFO: using time 46.9016, training loss at epoch 298: -0.3564
2021-09-25 22:24:13,585 - train.py[line:140] - INFO: +-------+------------------+--------------------+----------------------+----------------------------------------------------------+----------------------------------------------------------+----------------------------------------------------------+----------------------------------------------------------+-----+
| Epoch |  training time   |    tesing time     |         Loss         |                          recall                          |                           ndcg                           |                        precision                         |                        hit_ratio                         | auc |
+-------+------------------+--------------------+----------------------+----------------------------------------------------------+----------------------------------------------------------+----------------------------------------------------------+----------------------------------------------------------+-----+
|  299  | 46.7557806968689 | 20.481306076049805 | -0.37118956446647644 | [0.1719538  0.21122253 0.25788138 0.2897519  0.31305098] | [0.13093906 0.14270795 0.15407029 0.1608113  0.16531886] | [0.02785685 0.01760432 0.01101901 0.00836953 0.00682732] | [0.26098609 0.32158865 0.38847558 0.43105679 0.46058408] | 0.0 |
+-------+------------------+--------------------+----------------------+----------------------------------------------------------+----------------------------------------------------------+----------------------------------------------------------+----------------------------------------------------------+-----+
2021-09-25 22:24:13,587 - train.py[line:162] - INFO: early stopping at 299, recall@20:0.2142
