2021-06-08 11:32:54,640 - train.py[line:64] - INFO: n_users: 37692
2021-06-08 11:32:54,641 - train.py[line:65] - INFO: n_items: 22580
2021-06-08 11:32:54,641 - train.py[line:66] - INFO: n_interactions: 6
2021-06-08 11:32:54,641 - train.py[line:67] - INFO: n_relation: 20
2021-06-08 11:32:54,641 - train.py[line:68] - INFO: n_entity: 49443
2021-06-08 11:32:54,641 - train.py[line:70] - INFO: dataset: Amazon-Books
2021-06-08 11:32:57,052 - train.py[line:79] - INFO: MEREC(
  (kgcn): KGConv(
    (conv): ModuleList(
      (0): Aggregator(
        (activation): LeakyReLU(negative_slope=0.01)
        (linear): Linear(in_features=64, out_features=1, bias=True)
        (project): Linear(in_features=64, out_features=64, bias=True)
        (tanh): Tanh()
      )
      (1): Aggregator(
        (activation): LeakyReLU(negative_slope=0.01)
        (linear): Linear(in_features=64, out_features=1, bias=True)
        (project): Linear(in_features=64, out_features=64, bias=True)
        (tanh): Tanh()
      )
      (2): Aggregator(
        (activation): LeakyReLU(negative_slope=0.01)
        (linear): Linear(in_features=64, out_features=1, bias=True)
        (project): Linear(in_features=64, out_features=64, bias=True)
        (tanh): Tanh()
      )
    )
    (dropout): Dropout(p=0.2, inplace=False)
  )
  (tanh): Tanh()
)
2021-06-08 11:33:02,603 - train.py[line:208] - INFO: using time 5.5413, training loss at epoch 0: 4.1843
2021-06-08 11:33:33,279 - train.py[line:148] - INFO: +-------+-------------------+-------------------+--------------------+----------------------------------------------------------+----------------------------------------------------------+----------------------------------------------------------+----------------------------------------------------------+--------------------+
| Epoch |   training time   |    tesing time    |        Loss        |                          recall                          |                           ndcg                           |                        precision                         |                        hit_ratio                         |        auc         |
+-------+-------------------+-------------------+--------------------+----------------------------------------------------------+----------------------------------------------------------+----------------------------------------------------------+----------------------------------------------------------+--------------------+
|   1   | 5.114841938018799 | 25.54710102081299 | 2.6085362434387207 | [0.11576478 0.13856931 0.16303596 0.17899229 0.19091298] | [0.07895401 0.08494546 0.0903524  0.0934305  0.09554314] | [0.01433921 0.00881057 0.00536344 0.00399596 0.00323376] | [0.13381057 0.15969163 0.18689427 0.20484581 0.21773128] | 0.7364659067688265 |
+-------+-------------------+-------------------+--------------------+----------------------------------------------------------+----------------------------------------------------------+----------------------------------------------------------+----------------------------------------------------------+--------------------+
2021-06-08 11:33:37,903 - train.py[line:208] - INFO: using time 4.5222, training loss at epoch 2: 2.3442
2021-06-08 11:33:42,897 - train.py[line:208] - INFO: using time 4.9832, training loss at epoch 3: 2.1767
2021-06-08 11:33:47,881 - train.py[line:208] - INFO: using time 4.9714, training loss at epoch 4: 2.0521
2021-06-08 11:33:52,865 - train.py[line:208] - INFO: using time 4.9713, training loss at epoch 5: 1.9466
2021-06-08 11:33:57,879 - train.py[line:208] - INFO: using time 5.0033, training loss at epoch 6: 1.8588
2021-06-08 11:34:02,923 - train.py[line:208] - INFO: using time 5.0325, training loss at epoch 7: 1.7779
2021-06-08 11:34:07,806 - train.py[line:208] - INFO: using time 4.8682, training loss at epoch 8: 1.7027
2021-06-08 11:34:39,567 - train.py[line:148] - INFO: +-------+--------------------+--------------------+-------------------+----------------------------------------------------------+----------------------------------------------------------+----------------------------------------------------------+----------------------------------------------------------+--------------------+
| Epoch |   training time    |    tesing time     |        Loss       |                          recall                          |                           ndcg                           |                        precision                         |                        hit_ratio                         |        auc         |
+-------+--------------------+--------------------+-------------------+----------------------------------------------------------+----------------------------------------------------------+----------------------------------------------------------+----------------------------------------------------------+--------------------+
|   9   | 4.6797685623168945 | 27.067827224731445 | 1.630360722541809 | [0.12670744 0.15772021 0.19038125 0.21199383 0.2274935 ] | [0.08553212 0.09373756 0.10094348 0.10506807 0.10783607] | [0.01571586 0.01006608 0.00628304 0.00473568 0.00386977] | [0.14636564 0.18204846 0.21861233 0.24207048 0.2589207 ] | 0.7644100389869066 |
+-------+--------------------+--------------------+-------------------+----------------------------------------------------------+----------------------------------------------------------+----------------------------------------------------------+----------------------------------------------------------+--------------------+
2021-06-08 11:34:44,372 - train.py[line:208] - INFO: using time 4.7124, training loss at epoch 10: 1.5571
2021-06-08 11:34:48,935 - train.py[line:208] - INFO: using time 4.5482, training loss at epoch 11: 1.4916
2021-06-08 11:34:53,485 - train.py[line:208] - INFO: using time 4.5307, training loss at epoch 12: 1.4153
2021-06-08 11:34:58,231 - train.py[line:208] - INFO: using time 4.7345, training loss at epoch 13: 1.3566
2021-06-08 11:35:02,809 - train.py[line:208] - INFO: using time 4.5633, training loss at epoch 14: 1.2921
2021-06-08 11:35:07,361 - train.py[line:208] - INFO: using time 4.5393, training loss at epoch 15: 1.2312
2021-06-08 11:35:12,171 - train.py[line:208] - INFO: using time 4.8000, training loss at epoch 16: 1.1791
2021-06-08 11:35:16,757 - train.py[line:208] - INFO: using time 4.5702, training loss at epoch 17: 1.1239
2021-06-08 11:35:21,321 - train.py[line:208] - INFO: using time 4.5509, training loss at epoch 18: 1.0638
2021-06-08 11:35:51,954 - train.py[line:148] - INFO: +-------+--------------------+--------------------+--------------------+----------------------------------------------------------+----------------------------------------------------------+----------------------------------------------------------+----------------------------------------------------------+--------------------+
| Epoch |   training time    |    tesing time     |        Loss        |                          recall                          |                           ndcg                           |                        precision                         |                        hit_ratio                         |        auc         |
+-------+--------------------+--------------------+--------------------+----------------------------------------------------------+----------------------------------------------------------+----------------------------------------------------------+----------------------------------------------------------+--------------------+
|   19  | 4.5865843296051025 | 26.034847021102905 | 1.0282905101776123 | [0.12820768 0.16031427 0.19536737 0.22026507 0.2352595 ] | [0.08379909 0.09229818 0.09997999 0.10473418 0.10739751] | [0.01577093 0.01021476 0.00642896 0.00491924 0.00398678] | [0.14746696 0.1839207  0.22422907 0.25110132 0.26729075] | 0.7557797732634169 |
+-------+--------------------+--------------------+--------------------+----------------------------------------------------------+----------------------------------------------------------+----------------------------------------------------------+----------------------------------------------------------+--------------------+
2021-06-08 11:35:56,786 - train.py[line:208] - INFO: using time 4.7487, training loss at epoch 20: 0.9737
2021-06-08 11:36:01,442 - train.py[line:208] - INFO: using time 4.6417, training loss at epoch 21: 0.9331
2021-06-08 11:36:06,032 - train.py[line:208] - INFO: using time 4.5776, training loss at epoch 22: 0.8972
2021-06-08 11:36:10,674 - train.py[line:208] - INFO: using time 4.6297, training loss at epoch 23: 0.8520
2021-06-08 11:36:15,383 - train.py[line:208] - INFO: using time 4.6959, training loss at epoch 24: 0.8169
2021-06-08 11:36:20,005 - train.py[line:208] - INFO: using time 4.6074, training loss at epoch 25: 0.7954
2021-06-08 11:36:24,625 - train.py[line:208] - INFO: using time 4.5991, training loss at epoch 26: 0.7558
2021-06-08 11:36:29,218 - train.py[line:208] - INFO: using time 4.5811, training loss at epoch 27: 0.7203
2021-06-08 11:36:33,826 - train.py[line:208] - INFO: using time 4.5941, training loss at epoch 28: 0.6930
2021-06-08 11:37:03,986 - train.py[line:148] - INFO: +-------+-------------------+-------------------+--------------------+----------------------------------------------------------+----------------------------------------------------------+----------------------------------------------------------+----------------------------------------------------------+--------------------+
| Epoch |   training time   |    tesing time    |        Loss        |                          recall                          |                           ndcg                           |                        precision                         |                        hit_ratio                         |        auc         |
+-------+-------------------+-------------------+--------------------+----------------------------------------------------------+----------------------------------------------------------+----------------------------------------------------------+----------------------------------------------------------+--------------------+
|   29  | 4.566156387329102 | 25.58206868171692 | 0.6695464849472046 | [0.12909445 0.16197535 0.20014649 0.222301   0.24118423] | [0.08410149 0.09286809 0.10114052 0.10536745 0.10864609] | [0.01603524 0.01045705 0.00661894 0.0049688  0.0040625 ] | [0.14944934 0.18711454 0.22797357 0.25264317 0.2719163 ] | 0.7511931115641374 |
+-------+-------------------+-------------------+--------------------+----------------------------------------------------------+----------------------------------------------------------+----------------------------------------------------------+----------------------------------------------------------+--------------------+
2021-06-08 11:37:08,633 - train.py[line:208] - INFO: using time 4.5562, training loss at epoch 30: 0.6489
2021-06-08 11:37:13,241 - train.py[line:208] - INFO: using time 4.5947, training loss at epoch 31: 0.6228
2021-06-08 11:37:17,790 - train.py[line:208] - INFO: using time 4.5352, training loss at epoch 32: 0.5949
2021-06-08 11:37:22,393 - train.py[line:208] - INFO: using time 4.5910, training loss at epoch 33: 0.5739
2021-06-08 11:37:26,935 - train.py[line:208] - INFO: using time 4.5273, training loss at epoch 34: 0.5589
2021-06-08 11:37:31,514 - train.py[line:208] - INFO: using time 4.5669, training loss at epoch 35: 0.5385
2021-06-08 11:37:36,077 - train.py[line:208] - INFO: using time 4.5518, training loss at epoch 36: 0.5180
2021-06-08 11:37:40,637 - train.py[line:208] - INFO: using time 4.5478, training loss at epoch 37: 0.5002
2021-06-08 11:37:45,209 - train.py[line:208] - INFO: using time 4.5601, training loss at epoch 38: 0.4839
2021-06-08 11:38:14,543 - train.py[line:148] - INFO: +-------+-------------------+-------------------+--------------------+----------------------------------------------------------+----------------------------------------------------------+----------------------------------------------------------+----------------------------------------------------------+--------------------+
| Epoch |   training time   |    tesing time    |        Loss        |                          recall                          |                           ndcg                           |                        precision                         |                        hit_ratio                         |        auc         |
+-------+-------------------+-------------------+--------------------+----------------------------------------------------------+----------------------------------------------------------+----------------------------------------------------------+----------------------------------------------------------+--------------------+
|   39  | 4.560750722885132 | 24.76292634010315 | 0.4671478867530823 | [0.12918702 0.16351833 0.20211288 0.22211375 0.24018728] | [0.0844784  0.09368228 0.1021106  0.10591445 0.10907737] | [0.01598018 0.01049009 0.00665198 0.0049431  0.00404185] | [0.14845815 0.18821586 0.23050661 0.25154185 0.27048458] | 0.7492451147879359 |
+-------+-------------------+-------------------+--------------------+----------------------------------------------------------+----------------------------------------------------------+----------------------------------------------------------+----------------------------------------------------------+--------------------+
2021-06-08 11:38:19,257 - train.py[line:208] - INFO: using time 4.6304, training loss at epoch 40: 0.4598
2021-06-08 11:38:23,882 - train.py[line:208] - INFO: using time 4.6116, training loss at epoch 41: 0.4379
2021-06-08 11:38:28,612 - train.py[line:208] - INFO: using time 4.7092, training loss at epoch 42: 0.4304
2021-06-08 11:38:33,184 - train.py[line:208] - INFO: using time 4.5566, training loss at epoch 43: 0.4164
2021-06-08 11:38:37,757 - train.py[line:208] - INFO: using time 4.5622, training loss at epoch 44: 0.4071
2021-06-08 11:38:42,333 - train.py[line:208] - INFO: using time 4.5642, training loss at epoch 45: 0.3956
2021-06-08 11:38:46,896 - train.py[line:208] - INFO: using time 4.5499, training loss at epoch 46: 0.3787
2021-06-08 11:38:51,466 - train.py[line:208] - INFO: using time 4.5587, training loss at epoch 47: 0.3735
2021-06-08 11:38:56,048 - train.py[line:208] - INFO: using time 4.5697, training loss at epoch 48: 0.3617
2021-06-08 11:39:25,922 - train.py[line:148] - INFO: +-------+------------------+--------------------+--------------------+----------------------------------------------------------+----------------------------------------------------------+----------------------------------------------------------+----------------------------------------------------------+--------------------+
| Epoch |  training time   |    tesing time     |        Loss        |                          recall                          |                           ndcg                           |                        precision                         |                        hit_ratio                         |        auc         |
+-------+------------------+--------------------+--------------------+----------------------------------------------------------+----------------------------------------------------------+----------------------------------------------------------+----------------------------------------------------------+--------------------+
|   49  | 4.55625057220459 | 25.307013034820557 | 0.3521793782711029 | [0.1306651  0.16560711 0.2016203  0.22337672 0.24166578] | [0.08516202 0.09449782 0.10242374 0.10655972 0.10975236] | [0.01623348 0.01062225 0.00666024 0.00498348 0.00407764] | [0.15022026 0.19085903 0.22995595 0.2534141  0.27257709] | 0.7464321684796003 |
+-------+------------------+--------------------+--------------------+----------------------------------------------------------+----------------------------------------------------------+----------------------------------------------------------+----------------------------------------------------------+--------------------+
2021-06-08 11:39:30,617 - train.py[line:208] - INFO: using time 4.6131, training loss at epoch 50: 0.3421
2021-06-08 11:39:35,245 - train.py[line:208] - INFO: using time 4.6163, training loss at epoch 51: 0.3333
2021-06-08 11:39:39,863 - train.py[line:208] - INFO: using time 4.6020, training loss at epoch 52: 0.3296
2021-06-08 11:39:44,478 - train.py[line:208] - INFO: using time 4.6021, training loss at epoch 53: 0.3155
2021-06-08 11:39:49,072 - train.py[line:208] - INFO: using time 4.5825, training loss at epoch 54: 0.3071
2021-06-08 11:39:53,653 - train.py[line:208] - INFO: using time 4.5696, training loss at epoch 55: 0.3023
2021-06-08 11:39:58,249 - train.py[line:208] - INFO: using time 4.5843, training loss at epoch 56: 0.2922
2021-06-08 11:40:02,957 - train.py[line:208] - INFO: using time 4.6962, training loss at epoch 57: 0.2866
2021-06-08 11:40:10,398 - train.py[line:208] - INFO: using time 7.4301, training loss at epoch 58: 0.2757
2021-06-08 11:40:44,303 - train.py[line:148] - INFO: +-------+-------------------+------------------+--------------------+----------------------------------------------------------+----------------------------------------------------------+----------------------------------------------------------+----------------------------------------------------------+-------------------+
| Epoch |   training time   |   tesing time    |        Loss        |                          recall                          |                           ndcg                           |                        precision                         |                        hit_ratio                         |        auc        |
+-------+-------------------+------------------+--------------------+----------------------------------------------------------+----------------------------------------------------------+----------------------------------------------------------+----------------------------------------------------------+-------------------+
|   59  | 8.008857727050781 | 25.8836190700531 | 0.2697639763355255 | [0.13272363 0.16450918 0.20083112 0.22513535 0.24230852] | [0.08630279 0.09487098 0.10279158 0.10741293 0.11041029] | [0.01650881 0.01062775 0.00663271 0.0050257  0.00408453] | [0.15286344 0.18964758 0.22907489 0.25506608 0.27268722] | 0.744074590597956 |
+-------+-------------------+------------------+--------------------+----------------------------------------------------------+----------------------------------------------------------+----------------------------------------------------------+----------------------------------------------------------+-------------------+
2021-06-08 11:40:52,821 - train.py[line:208] - INFO: using time 8.4885, training loss at epoch 60: 0.2672
2021-06-08 11:41:00,902 - train.py[line:208] - INFO: using time 8.0657, training loss at epoch 61: 0.2620
2021-06-08 11:41:07,555 - train.py[line:208] - INFO: using time 6.6385, training loss at epoch 62: 0.2546
2021-06-08 11:41:15,073 - train.py[line:208] - INFO: using time 7.4957, training loss at epoch 63: 0.2523
2021-06-08 11:41:22,917 - train.py[line:208] - INFO: using time 7.8285, training loss at epoch 64: 0.2427
2021-06-08 11:41:30,867 - train.py[line:208] - INFO: using time 7.9381, training loss at epoch 65: 0.2406
2021-06-08 11:41:38,874 - train.py[line:208] - INFO: using time 7.9951, training loss at epoch 66: 0.2372
2021-06-08 11:41:46,775 - train.py[line:208] - INFO: using time 7.8755, training loss at epoch 67: 0.2293
2021-06-08 11:41:54,749 - train.py[line:208] - INFO: using time 7.9596, training loss at epoch 68: 0.2218
2021-06-08 11:42:28,467 - train.py[line:148] - INFO: +-------+-------------------+--------------------+--------------------+----------------------------------------------------------+----------------------------------------------------------+----------------------------------------------------------+----------------------------------------------------------+--------------------+
| Epoch |   training time   |    tesing time     |        Loss        |                          recall                          |                           ndcg                           |                        precision                         |                        hit_ratio                         |        auc         |
+-------+-------------------+--------------------+--------------------+----------------------------------------------------------+----------------------------------------------------------+----------------------------------------------------------+----------------------------------------------------------+--------------------+
|   69  | 7.912793159484863 | 25.793296575546265 | 0.2160043567419052 | [0.13126953 0.16409285 0.20264025 0.2265557  0.24226269] | [0.0855948  0.09433103 0.1027332  0.10727437 0.11002115] | [0.01625551 0.01048458 0.00666575 0.00504772 0.00407627] | [0.15066079 0.18810573 0.23061674 0.25682819 0.27367841] | 0.7435103662024859 |
+-------+-------------------+--------------------+--------------------+----------------------------------------------------------+----------------------------------------------------------+----------------------------------------------------------+----------------------------------------------------------+--------------------+
2021-06-08 11:42:36,474 - train.py[line:208] - INFO: using time 7.9811, training loss at epoch 70: 0.2162
2021-06-08 11:42:44,504 - train.py[line:208] - INFO: using time 8.0159, training loss at epoch 71: 0.2130
2021-06-08 11:42:52,296 - train.py[line:208] - INFO: using time 7.7742, training loss at epoch 72: 0.2064
2021-06-08 11:43:00,199 - train.py[line:208] - INFO: using time 7.8860, training loss at epoch 73: 0.1986
2021-06-08 11:43:08,170 - train.py[line:208] - INFO: using time 7.9572, training loss at epoch 74: 0.1947
2021-06-08 11:43:16,045 - train.py[line:208] - INFO: using time 7.8594, training loss at epoch 75: 0.1937
2021-06-08 11:43:23,969 - train.py[line:208] - INFO: using time 7.9117, training loss at epoch 76: 0.1861
2021-06-08 11:43:31,970 - train.py[line:208] - INFO: using time 7.9898, training loss at epoch 77: 0.1841
2021-06-08 11:43:39,974 - train.py[line:208] - INFO: using time 7.9916, training loss at epoch 78: 0.1803
2021-06-08 11:44:13,714 - train.py[line:148] - INFO: +-------+-------------------+--------------------+---------------------+----------------------------------------------------------+----------------------------------------------------------+----------------------------------------------------------+----------------------------------------------------------+--------------------+
| Epoch |   training time   |    tesing time     |         Loss        |                          recall                          |                           ndcg                           |                        precision                         |                        hit_ratio                         |        auc         |
+-------+-------------------+--------------------+---------------------+----------------------------------------------------------+----------------------------------------------------------+----------------------------------------------------------+----------------------------------------------------------+--------------------+
|   79  | 8.068758726119995 | 25.660179138183594 | 0.17705070972442627 | [0.13274902 0.16523522 0.20242364 0.22455347 0.24136533] | [0.08643093 0.09519573 0.10330588 0.10757227 0.11053054] | [0.01643172 0.01064978 0.00665198 0.0050312  0.00409692] | [0.15165198 0.19008811 0.23061674 0.25407489 0.27235683] | 0.7427106742729905 |
+-------+-------------------+--------------------+---------------------+----------------------------------------------------------+----------------------------------------------------------+----------------------------------------------------------+----------------------------------------------------------+--------------------+
2021-06-08 11:44:21,619 - train.py[line:208] - INFO: using time 7.8750, training loss at epoch 80: 0.1733
2021-06-08 11:44:29,518 - train.py[line:208] - INFO: using time 7.8842, training loss at epoch 81: 0.1708
2021-06-08 11:44:37,650 - train.py[line:208] - INFO: using time 8.1154, training loss at epoch 82: 0.1649
2021-06-08 11:44:45,546 - train.py[line:208] - INFO: using time 7.8800, training loss at epoch 83: 0.1639
2021-06-08 11:44:53,495 - train.py[line:208] - INFO: using time 7.9342, training loss at epoch 84: 0.1581
2021-06-08 11:45:01,431 - train.py[line:208] - INFO: using time 7.9238, training loss at epoch 85: 0.1587
2021-06-08 11:45:09,434 - train.py[line:208] - INFO: using time 7.9863, training loss at epoch 86: 0.1511
2021-06-08 11:45:17,314 - train.py[line:208] - INFO: using time 7.8626, training loss at epoch 87: 0.1564
2021-06-08 11:45:25,294 - train.py[line:208] - INFO: using time 7.9633, training loss at epoch 88: 0.1456
2021-06-08 11:45:57,071 - train.py[line:148] - INFO: +-------+-------------------+--------------------+---------------------+----------------------------------------------------------+----------------------------------------------------------+----------------------------------------------------------+----------------------------------------------------------+--------------------+
| Epoch |   training time   |    tesing time     |         Loss        |                          recall                          |                           ndcg                           |                        precision                         |                        hit_ratio                         |        auc         |
+-------+-------------------+--------------------+---------------------+----------------------------------------------------------+----------------------------------------------------------+----------------------------------------------------------+----------------------------------------------------------+--------------------+
|   89  | 6.136104345321655 | 25.630326747894287 | 0.14614719152450562 | [0.13397252 0.16652257 0.20121789 0.22469621 0.24228857] | [0.08681331 0.09549889 0.103143   0.10758588 0.11067357] | [0.01664097 0.01067181 0.00664923 0.00500918 0.00409003] | [0.15429515 0.1910793  0.22885463 0.25473568 0.27345815] | 0.7428231593639748 |
+-------+-------------------+--------------------+---------------------+----------------------------------------------------------+----------------------------------------------------------+----------------------------------------------------------+----------------------------------------------------------+--------------------+
2021-06-08 11:46:05,165 - train.py[line:208] - INFO: using time 8.0114, training loss at epoch 90: 0.1437
2021-06-08 11:46:13,223 - train.py[line:208] - INFO: using time 8.0460, training loss at epoch 91: 0.1405
2021-06-08 11:46:21,264 - train.py[line:208] - INFO: using time 8.0158, training loss at epoch 92: 0.1372
2021-06-08 11:46:29,306 - train.py[line:208] - INFO: using time 8.0308, training loss at epoch 93: 0.1351
2021-06-08 11:46:36,932 - train.py[line:208] - INFO: using time 7.6122, training loss at epoch 94: 0.1345
2021-06-08 11:46:45,027 - train.py[line:208] - INFO: using time 8.0744, training loss at epoch 95: 0.1309
2021-06-08 11:46:53,005 - train.py[line:208] - INFO: using time 7.9608, training loss at epoch 96: 0.1282
2021-06-08 11:47:01,116 - train.py[line:208] - INFO: using time 8.0949, training loss at epoch 97: 0.1239
2021-06-08 11:47:09,051 - train.py[line:208] - INFO: using time 7.9192, training loss at epoch 98: 0.1245
2021-06-08 11:47:42,638 - train.py[line:148] - INFO: +-------+-------------------+-------------------+---------------------+----------------------------------------------------------+----------------------------------------------------------+----------------------------------------------------------+----------------------------------------------------------+--------------------+
| Epoch |   training time   |    tesing time    |         Loss        |                          recall                          |                           ndcg                           |                        precision                         |                        hit_ratio                         |        auc         |
+-------+-------------------+-------------------+---------------------+----------------------------------------------------------+----------------------------------------------------------+----------------------------------------------------------+----------------------------------------------------------+--------------------+
|   99  | 8.093577861785889 | 25.47322368621826 | 0.12672735750675201 | [0.13383789 0.16515371 0.19980331 0.22312341 0.24009954] | [0.08777047 0.09624801 0.10388301 0.10830343 0.11129615] | [0.01656388 0.0106663  0.006663   0.00501836 0.00409141] | [0.15418502 0.18942731 0.22764317 0.25297357 0.27136564] | 0.7394574917909144 |
+-------+-------------------+-------------------+---------------------+----------------------------------------------------------+----------------------------------------------------------+----------------------------------------------------------+----------------------------------------------------------+--------------------+
2021-06-08 11:47:50,515 - train.py[line:208] - INFO: using time 7.8491, training loss at epoch 100: 0.1200
2021-06-08 11:47:58,513 - train.py[line:208] - INFO: using time 7.9856, training loss at epoch 101: 0.1147
2021-06-08 11:48:06,362 - train.py[line:208] - INFO: using time 7.8369, training loss at epoch 102: 0.1135
2021-06-08 11:48:14,355 - train.py[line:208] - INFO: using time 7.9785, training loss at epoch 103: 0.1129
2021-06-08 11:48:22,218 - train.py[line:208] - INFO: using time 7.8502, training loss at epoch 104: 0.1098
2021-06-08 11:48:30,161 - train.py[line:208] - INFO: using time 7.9281, training loss at epoch 105: 0.1084
2021-06-08 11:48:38,091 - train.py[line:208] - INFO: using time 7.9176, training loss at epoch 106: 0.1027
2021-06-08 11:48:46,148 - train.py[line:208] - INFO: using time 8.0453, training loss at epoch 107: 0.1028
2021-06-08 11:48:54,201 - train.py[line:208] - INFO: using time 8.0390, training loss at epoch 108: 0.0961
2021-06-08 11:49:28,680 - train.py[line:148] - INFO: +-------+-------------------+-------------------+--------------------+----------------------------------------------------------+----------------------------------------------------------+----------------------------------------------------------+----------------------------------------------------------+--------------------+
| Epoch |   training time   |    tesing time    |        Loss        |                          recall                          |                           ndcg                           |                        precision                         |                        hit_ratio                         |        auc         |
+-------+-------------------+-------------------+--------------------+----------------------------------------------------------+----------------------------------------------------------+----------------------------------------------------------+----------------------------------------------------------+--------------------+
|  109  | 7.891446828842163 | 26.57584834098816 | 0.0942872166633606 | [0.13391387 0.166306   0.20096023 0.22474182 0.24206186] | [0.08733579 0.096      0.10363324 0.10814977 0.11120072] | [0.01674009 0.01069383 0.00667126 0.00504405 0.00412445] | [0.15429515 0.19207048 0.22863436 0.25462555 0.27290749] | 0.7403909900139881 |
+-------+-------------------+-------------------+--------------------+----------------------------------------------------------+----------------------------------------------------------+----------------------------------------------------------+----------------------------------------------------------+--------------------+
2021-06-08 11:49:36,722 - train.py[line:208] - INFO: using time 8.0091, training loss at epoch 110: 0.0988
2021-06-08 11:49:44,625 - train.py[line:208] - INFO: using time 7.8899, training loss at epoch 111: 0.0962
2021-06-08 11:49:52,629 - train.py[line:208] - INFO: using time 7.9864, training loss at epoch 112: 0.0933
2021-06-08 11:50:00,674 - train.py[line:208] - INFO: using time 8.0303, training loss at epoch 113: 0.0939
2021-06-08 11:50:08,708 - train.py[line:208] - INFO: using time 8.0224, training loss at epoch 114: 0.0913
2021-06-08 11:50:16,599 - train.py[line:208] - INFO: using time 7.8758, training loss at epoch 115: 0.0894
2021-06-08 11:50:24,491 - train.py[line:208] - INFO: using time 7.8758, training loss at epoch 116: 0.0864
2021-06-08 11:50:32,439 - train.py[line:208] - INFO: using time 7.9365, training loss at epoch 117: 0.0873
2021-06-08 11:50:40,288 - train.py[line:208] - INFO: using time 7.8310, training loss at epoch 118: 0.0811
2021-06-08 11:51:13,348 - train.py[line:148] - INFO: +-------+-------------------+--------------------+---------------------+----------------------------------------------------------+----------------------------------------------------------+----------------------------------------------------------+----------------------------------------------------------+--------------------+
| Epoch |   training time   |    tesing time     |         Loss        |                          recall                          |                           ndcg                           |                        precision                         |                        hit_ratio                         |        auc         |
+-------+-------------------+--------------------+---------------------+----------------------------------------------------------+----------------------------------------------------------+----------------------------------------------------------+----------------------------------------------------------+--------------------+
|  119  | 7.175340175628662 | 25.874149084091187 | 0.08214099705219269 | [0.1351123  0.16745518 0.20262178 0.22431632 0.24166514] | [0.08719869 0.09578763 0.10354694 0.10766956 0.11074266] | [0.0167511  0.01069934 0.00669604 0.00501285 0.0041038 ] | [0.15429515 0.19196035 0.230837   0.25396476 0.27246696] | 0.7390526886664152 |
+-------+-------------------+--------------------+---------------------+----------------------------------------------------------+----------------------------------------------------------+----------------------------------------------------------+----------------------------------------------------------+--------------------+
2021-06-08 11:51:21,355 - train.py[line:208] - INFO: using time 7.9138, training loss at epoch 120: 0.0822
2021-06-08 11:51:29,364 - train.py[line:208] - INFO: using time 7.9941, training loss at epoch 121: 0.0786
2021-06-08 11:51:37,467 - train.py[line:208] - INFO: using time 8.0806, training loss at epoch 122: 0.0725
2021-06-08 11:51:45,550 - train.py[line:208] - INFO: using time 8.0673, training loss at epoch 123: 0.0726
2021-06-08 11:51:53,393 - train.py[line:208] - INFO: using time 7.8307, training loss at epoch 124: 0.0750
2021-06-08 11:52:01,640 - train.py[line:208] - INFO: using time 8.2344, training loss at epoch 125: 0.0679
2021-06-08 11:52:09,694 - train.py[line:208] - INFO: using time 8.0378, training loss at epoch 126: 0.0674
2021-06-08 11:52:17,748 - train.py[line:208] - INFO: using time 8.0380, training loss at epoch 127: 0.0661
2021-06-08 11:52:25,568 - train.py[line:208] - INFO: using time 7.8055, training loss at epoch 128: 0.0704
2021-06-08 11:52:58,913 - train.py[line:148] - INFO: +-------+-------------------+--------------------+---------------------+----------------------------------------------------------+----------------------------------------------------------+----------------------------------------------------------+----------------------------------------------------------+--------------------+
| Epoch |   training time   |    tesing time     |         Loss        |                          recall                          |                           ndcg                           |                        precision                         |                        hit_ratio                         |        auc         |
+-------+-------------------+--------------------+---------------------+----------------------------------------------------------+----------------------------------------------------------+----------------------------------------------------------+----------------------------------------------------------+--------------------+
|  129  | 8.102221488952637 | 25.231592655181885 | 0.06690287590026855 | [0.13452738 0.16591711 0.2001504  0.22382421 0.24034813] | [0.08721929 0.09550677 0.10313029 0.10765552 0.11052697] | [0.01662996 0.01055066 0.0066217  0.00502203 0.0040625 ] | [0.15440529 0.18953744 0.22698238 0.2534141  0.27103524] | 0.7376242381800293 |
+-------+-------------------+--------------------+---------------------+----------------------------------------------------------+----------------------------------------------------------+----------------------------------------------------------+----------------------------------------------------------+--------------------+
2021-06-08 11:53:07,156 - train.py[line:208] - INFO: using time 8.2112, training loss at epoch 130: 0.0625
2021-06-08 11:53:15,285 - train.py[line:208] - INFO: using time 8.1131, training loss at epoch 131: 0.0632
2021-06-08 11:53:23,277 - train.py[line:208] - INFO: using time 7.9787, training loss at epoch 132: 0.0592
2021-06-08 11:53:31,331 - train.py[line:208] - INFO: using time 8.0423, training loss at epoch 133: 0.0576
2021-06-08 11:53:39,329 - train.py[line:208] - INFO: using time 7.9840, training loss at epoch 134: 0.0574
2021-06-08 11:53:47,334 - train.py[line:208] - INFO: using time 7.9882, training loss at epoch 135: 0.0543
2021-06-08 11:53:55,271 - train.py[line:208] - INFO: using time 7.9254, training loss at epoch 136: 0.0626
2021-06-08 11:54:03,265 - train.py[line:208] - INFO: using time 7.9798, training loss at epoch 137: 0.0522
2021-06-08 11:54:11,354 - train.py[line:208] - INFO: using time 8.0751, training loss at epoch 138: 0.0542
2021-06-08 11:54:45,508 - train.py[line:148] - INFO: +-------+-------------------+--------------------+---------------------+----------------------------------------------------------+----------------------------------------------------------+----------------------------------------------------------+----------------------------------------------------------+--------------------+
| Epoch |   training time   |    tesing time     |         Loss        |                          recall                          |                           ndcg                           |                        precision                         |                        hit_ratio                         |        auc         |
+-------+-------------------+--------------------+---------------------+----------------------------------------------------------+----------------------------------------------------------+----------------------------------------------------------+----------------------------------------------------------+--------------------+
|  139  | 8.066251993179321 | 26.075504541397095 | 0.05257544666528702 | [0.13327853 0.16623292 0.20084705 0.22540487 0.24241425] | [0.08632986 0.09509848 0.10272561 0.1074006  0.11035605] | [0.01650881 0.01061123 0.00666024 0.00506241 0.0041038 ] | [0.15209251 0.18997797 0.22940529 0.25506608 0.27389868] | 0.7363936724764464 |
+-------+-------------------+--------------------+---------------------+----------------------------------------------------------+----------------------------------------------------------+----------------------------------------------------------+----------------------------------------------------------+--------------------+
2021-06-08 11:54:53,582 - train.py[line:208] - INFO: using time 8.0460, training loss at epoch 140: 0.0481
2021-06-08 11:55:01,613 - train.py[line:208] - INFO: using time 8.0166, training loss at epoch 141: 0.0470
2021-06-08 11:55:09,756 - train.py[line:208] - INFO: using time 8.1300, training loss at epoch 142: 0.0460
2021-06-08 11:55:17,847 - train.py[line:208] - INFO: using time 8.0744, training loss at epoch 143: 0.0513
2021-06-08 11:55:26,055 - train.py[line:208] - INFO: using time 8.1909, training loss at epoch 144: 0.0445
2021-06-08 11:55:34,120 - train.py[line:208] - INFO: using time 8.0528, training loss at epoch 145: 0.0412
2021-06-08 11:55:42,141 - train.py[line:208] - INFO: using time 8.0089, training loss at epoch 146: 0.0436
2021-06-08 11:55:50,369 - train.py[line:208] - INFO: using time 8.2135, training loss at epoch 147: 0.0422
2021-06-08 11:55:58,422 - train.py[line:208] - INFO: using time 8.0400, training loss at epoch 148: 0.0396
2021-06-08 11:56:29,469 - train.py[line:148] - INFO: +-------+--------------------+--------------------+---------------------+----------------------------------------------------------+----------------------------------------------------------+----------------------------------------------------------+----------------------------------------------------------+--------------------+
| Epoch |   training time    |    tesing time     |         Loss        |                          recall                          |                           ndcg                           |                        precision                         |                        hit_ratio                         |        auc         |
+-------+--------------------+--------------------+---------------------+----------------------------------------------------------+----------------------------------------------------------+----------------------------------------------------------+----------------------------------------------------------+--------------------+
|  149  | 5.8844616413116455 | 25.151440143585205 | 0.03923594206571579 | [0.13362477 0.16551597 0.19965482 0.22296644 0.23920645] | [0.08633765 0.09485371 0.10237876 0.10682476 0.1096575 ] | [0.01662996 0.01062225 0.00660242 0.00498899 0.00404323] | [0.15286344 0.19019824 0.22797357 0.25286344 0.27026432] | 0.7366730419220725 |
+-------+--------------------+--------------------+---------------------+----------------------------------------------------------+----------------------------------------------------------+----------------------------------------------------------+----------------------------------------------------------+--------------------+
2021-06-08 11:56:37,572 - train.py[line:208] - INFO: using time 8.0748, training loss at epoch 150: 0.0387
2021-06-08 11:56:45,690 - train.py[line:208] - INFO: using time 8.1054, training loss at epoch 151: 0.0356
2021-06-08 11:56:53,683 - train.py[line:208] - INFO: using time 7.9716, training loss at epoch 152: 0.0348
2021-06-08 11:57:01,797 - train.py[line:208] - INFO: using time 8.1004, training loss at epoch 153: 0.0368
2021-06-08 11:57:09,736 - train.py[line:208] - INFO: using time 7.9224, training loss at epoch 154: 0.0353
2021-06-08 11:57:17,888 - train.py[line:208] - INFO: using time 8.1386, training loss at epoch 155: 0.0355
2021-06-08 11:57:25,971 - train.py[line:208] - INFO: using time 8.0700, training loss at epoch 156: 0.0305
2021-06-08 11:57:34,013 - train.py[line:208] - INFO: using time 8.0283, training loss at epoch 157: 0.0341
2021-06-08 11:57:41,952 - train.py[line:208] - INFO: using time 7.9256, training loss at epoch 158: 0.0323
2021-06-08 11:58:15,571 - train.py[line:148] - INFO: +-------+-------------------+--------------------+---------------------+----------------------------------------------------------+----------------------------------------------------------+----------------------------------------------------------+----------------------------------------------------------+--------------------+
| Epoch |   training time   |    tesing time     |         Loss        |                          recall                          |                           ndcg                           |                        precision                         |                        hit_ratio                         |        auc         |
+-------+-------------------+--------------------+---------------------+----------------------------------------------------------+----------------------------------------------------------+----------------------------------------------------------+----------------------------------------------------------+--------------------+
|  159  | 8.205862283706665 | 25.401606559753418 | 0.03155922517180443 | [0.13315291 0.16533805 0.20110621 0.22362432 0.23855937] | [0.08632253 0.09499912 0.10285664 0.10719548 0.1098138 ] | [0.0164207  0.01059471 0.00663822 0.00501285 0.0040391 ] | [0.15297357 0.19019824 0.22907489 0.25385463 0.26971366] | 0.7349442005767001 |
+-------+-------------------+--------------------+---------------------+----------------------------------------------------------+----------------------------------------------------------+----------------------------------------------------------+----------------------------------------------------------+--------------------+
2021-06-08 11:58:23,622 - train.py[line:208] - INFO: using time 8.0222, training loss at epoch 160: 0.0290
2021-06-08 11:58:31,559 - train.py[line:208] - INFO: using time 7.9200, training loss at epoch 161: 0.0279
2021-06-08 11:58:39,411 - train.py[line:208] - INFO: using time 7.8403, training loss at epoch 162: 0.0277
2021-06-08 11:58:47,384 - train.py[line:208] - INFO: using time 7.9602, training loss at epoch 163: 0.0234
2021-06-08 11:58:55,396 - train.py[line:208] - INFO: using time 7.9992, training loss at epoch 164: 0.0244
2021-06-08 11:59:03,373 - train.py[line:208] - INFO: using time 7.9646, training loss at epoch 165: 0.0221
2021-06-08 11:59:11,379 - train.py[line:208] - INFO: using time 7.9943, training loss at epoch 166: 0.0226
2021-06-08 11:59:19,177 - train.py[line:208] - INFO: using time 7.7850, training loss at epoch 167: 0.0216
2021-06-08 11:59:27,135 - train.py[line:208] - INFO: using time 7.9468, training loss at epoch 168: 0.0210
2021-06-08 12:00:00,635 - train.py[line:148] - INFO: +-------+-------------------+--------------------+----------------------+----------------------------------------------------------+----------------------------------------------------------+----------------------------------------------------------+----------------------------------------------------------+--------------------+
| Epoch |   training time   |    tesing time     |         Loss         |                          recall                          |                           ndcg                           |                        precision                         |                        hit_ratio                         |        auc         |
+-------+-------------------+--------------------+----------------------+----------------------------------------------------------+----------------------------------------------------------+----------------------------------------------------------+----------------------------------------------------------+--------------------+
|  169  | 7.946906328201294 | 25.540600776672363 | 0.018962617963552475 | [0.13151653 0.1670088  0.20092007 0.22302866 0.2397825 ] | [0.08582044 0.09535898 0.10281764 0.1070568  0.10999361] | [0.01625551 0.01069383 0.0066272  0.00498348 0.00405837] | [0.15143172 0.19174009 0.22962555 0.25407489 0.27136564] | 0.7342505008286995 |
+-------+-------------------+--------------------+----------------------+----------------------------------------------------------+----------------------------------------------------------+----------------------------------------------------------+----------------------------------------------------------+--------------------+
2021-06-08 12:00:08,844 - train.py[line:208] - INFO: using time 8.1812, training loss at epoch 170: 0.0184
2021-06-08 12:00:16,769 - train.py[line:208] - INFO: using time 7.9043, training loss at epoch 171: 0.0173
2021-06-08 12:00:24,738 - train.py[line:208] - INFO: using time 7.9534, training loss at epoch 172: 0.0207
2021-06-08 12:00:32,804 - train.py[line:208] - INFO: using time 8.0510, training loss at epoch 173: 0.0172
2021-06-08 12:00:40,856 - train.py[line:208] - INFO: using time 8.0358, training loss at epoch 174: 0.0162
2021-06-08 12:00:48,751 - train.py[line:208] - INFO: using time 7.8770, training loss at epoch 175: 0.0143
2021-06-08 12:00:56,730 - train.py[line:208] - INFO: using time 7.9629, training loss at epoch 176: 0.0120
2021-06-08 12:01:04,747 - train.py[line:208] - INFO: using time 7.9916, training loss at epoch 177: 0.0105
2021-06-08 12:01:12,837 - train.py[line:208] - INFO: using time 8.0744, training loss at epoch 178: 0.0120
2021-06-08 12:01:46,248 - train.py[line:148] - INFO: +-------+-------------------+-------------------+----------------------+----------------------------------------------------------+----------------------------------------------------------+----------------------------------------------------------+----------------------------------------------------------+--------------------+
| Epoch |   training time   |    tesing time    |         Loss         |                          recall                          |                           ndcg                           |                        precision                         |                        hit_ratio                         |        auc         |
+-------+-------------------+-------------------+----------------------+----------------------------------------------------------+----------------------------------------------------------+----------------------------------------------------------+----------------------------------------------------------+--------------------+
|  179  | 6.667618036270142 | 26.72951579093933 | 0.011314209550619125 | [0.13322212 0.16511203 0.2018673  0.22458088 0.24093821] | [0.08614617 0.09470445 0.1028021  0.1071155  0.10998057] | [0.01655286 0.01059471 0.00667676 0.00501101 0.00406938] | [0.15319383 0.18953744 0.22984581 0.25550661 0.27235683] | 0.7353038381099068 |
+-------+-------------------+-------------------+----------------------+----------------------------------------------------------+----------------------------------------------------------+----------------------------------------------------------+----------------------------------------------------------+--------------------+
2021-06-08 12:01:54,145 - train.py[line:208] - INFO: using time 7.8690, training loss at epoch 180: 0.0093
2021-06-08 12:02:02,175 - train.py[line:208] - INFO: using time 8.0129, training loss at epoch 181: 0.0127
2021-06-08 12:02:10,254 - train.py[line:208] - INFO: using time 8.0609, training loss at epoch 182: 0.0109
2021-06-08 12:02:18,262 - train.py[line:208] - INFO: using time 7.9895, training loss at epoch 183: 0.0073
2021-06-08 12:02:26,115 - train.py[line:208] - INFO: using time 7.8402, training loss at epoch 184: 0.0086
2021-06-08 12:02:34,145 - train.py[line:208] - INFO: using time 8.0157, training loss at epoch 185: 0.0110
2021-06-08 12:02:42,120 - train.py[line:208] - INFO: using time 7.9631, training loss at epoch 186: 0.0045
2021-06-08 12:02:50,112 - train.py[line:208] - INFO: using time 7.9741, training loss at epoch 187: 0.0040
2021-06-08 12:02:58,079 - train.py[line:208] - INFO: using time 7.9535, training loss at epoch 188: 0.0064
2021-06-08 12:03:31,818 - train.py[line:148] - INFO: +-------+-------------------+-------------------+----------------------+----------------------------------------------------------+----------------------------------------------------------+----------------------------------------------------------+----------------------------------------------------------+--------------------+
| Epoch |   training time   |    tesing time    |         Loss         |                          recall                          |                           ndcg                           |                        precision                         |                        hit_ratio                         |        auc         |
+-------+-------------------+-------------------+----------------------+----------------------------------------------------------+----------------------------------------------------------+----------------------------------------------------------+----------------------------------------------------------+--------------------+
|  189  | 8.048437595367432 | 25.67710304260254 | 0.006143361330032349 | [0.13181717 0.16359994 0.20005839 0.22395927 0.24075849] | [0.08568873 0.09423567 0.10222734 0.10672427 0.10966974] | [0.01639868 0.01055617 0.00664923 0.00500367 0.00407214] | [0.15187225 0.18854626 0.2284141  0.25363436 0.27213656] | 0.7327809930428563 |
+-------+-------------------+-------------------+----------------------+----------------------------------------------------------+----------------------------------------------------------+----------------------------------------------------------+----------------------------------------------------------+--------------------+
2021-06-08 12:03:39,893 - train.py[line:208] - INFO: using time 8.0470, training loss at epoch 190: 0.0048
2021-06-08 12:03:47,946 - train.py[line:208] - INFO: using time 8.0369, training loss at epoch 191: 0.0037
2021-06-08 12:03:55,904 - train.py[line:208] - INFO: using time 7.9443, training loss at epoch 192: -0.0005
2021-06-08 12:04:03,915 - train.py[line:208] - INFO: using time 7.9985, training loss at epoch 193: 0.0009
2021-06-08 12:04:11,979 - train.py[line:208] - INFO: using time 8.0520, training loss at epoch 194: 0.0019
2021-06-08 12:04:20,051 - train.py[line:208] - INFO: using time 8.0585, training loss at epoch 195: 0.0000
2021-06-08 12:04:28,167 - train.py[line:208] - INFO: using time 8.0969, training loss at epoch 196: -0.0029
2021-06-08 12:04:36,080 - train.py[line:208] - INFO: using time 7.8994, training loss at epoch 197: 0.0006
2021-06-08 12:04:44,117 - train.py[line:208] - INFO: using time 8.0242, training loss at epoch 198: 0.0021
2021-06-08 12:05:17,740 - train.py[line:148] - INFO: +-------+-------------------+-------------------+-----------------------+----------------------------------------------------------+----------------------------------------------------------+----------------------------------------------------------+----------------------------------------------------------+-------------------+
| Epoch |   training time   |    tesing time    |          Loss         |                          recall                          |                           ndcg                           |                        precision                         |                        hit_ratio                         |        auc        |
+-------+-------------------+-------------------+-----------------------+----------------------------------------------------------+----------------------------------------------------------+----------------------------------------------------------+----------------------------------------------------------+-------------------+
|  199  | 8.062312841415405 | 25.54873251914978 | -0.000986647792160511 | [0.13039024 0.16300933 0.19775783 0.22035285 0.23805914] | [0.0848758  0.09360955 0.10128555 0.10559933 0.10870513] | [0.01632159 0.01051211 0.00658866 0.0049688  0.00405699] | [0.15066079 0.18788546 0.22632159 0.25044053 0.26949339] | 0.731714645278924 |
+-------+-------------------+-------------------+-----------------------+----------------------------------------------------------+----------------------------------------------------------+----------------------------------------------------------+----------------------------------------------------------+-------------------+
2021-06-08 12:05:25,850 - train.py[line:208] - INFO: using time 8.0810, training loss at epoch 200: -0.0041
2021-06-08 12:05:33,876 - train.py[line:208] - INFO: using time 8.0132, training loss at epoch 201: -0.0022
2021-06-08 12:05:42,115 - train.py[line:208] - INFO: using time 8.2219, training loss at epoch 202: -0.0001
2021-06-08 12:05:50,227 - train.py[line:208] - INFO: using time 8.0937, training loss at epoch 203: -0.0035
2021-06-08 12:05:58,443 - train.py[line:208] - INFO: using time 8.2041, training loss at epoch 204: -0.0053
2021-06-08 12:06:06,524 - train.py[line:208] - INFO: using time 8.0625, training loss at epoch 205: -0.0081
2021-06-08 12:06:14,697 - train.py[line:208] - INFO: using time 8.1597, training loss at epoch 206: -0.0056
2021-06-08 12:06:22,815 - train.py[line:208] - INFO: using time 8.1001, training loss at epoch 207: -0.0101
2021-06-08 12:06:30,997 - train.py[line:208] - INFO: using time 8.1689, training loss at epoch 208: -0.0092
2021-06-08 12:07:04,879 - train.py[line:148] - INFO: +-------+--------------------+--------------------+-----------------------+----------------------------------------------------------+----------------------------------------------------------+----------------------------------------------------------+----------------------------------------------------------+-------------------+
| Epoch |   training time    |    tesing time     |          Loss         |                          recall                          |                           ndcg                           |                        precision                         |                        hit_ratio                         |        auc        |
+-------+--------------------+--------------------+-----------------------+----------------------------------------------------------+----------------------------------------------------------+----------------------------------------------------------+----------------------------------------------------------+-------------------+
|  209  | 7.0104193687438965 | 26.857259035110474 | -0.007898267358541489 | [0.13122323 0.16520614 0.19867628 0.22170156 0.23976154] | [0.08531071 0.09435779 0.10179916 0.10616164 0.10935658] | [0.01623348 0.0105837  0.00662445 0.00498348 0.00409692] | [0.15176211 0.19008811 0.22687225 0.25176211 0.27070485] | 0.732026343699641 |
+-------+--------------------+--------------------+-----------------------+----------------------------------------------------------+----------------------------------------------------------+----------------------------------------------------------+----------------------------------------------------------+-------------------+
2021-06-08 12:07:12,833 - train.py[line:208] - INFO: using time 7.9267, training loss at epoch 210: -0.0080
2021-06-08 12:07:20,821 - train.py[line:208] - INFO: using time 7.9730, training loss at epoch 211: -0.0094
2021-06-08 12:07:28,808 - train.py[line:208] - INFO: using time 7.9704, training loss at epoch 212: -0.0118
2021-06-08 12:07:36,814 - train.py[line:208] - INFO: using time 7.9922, training loss at epoch 213: -0.0131
2021-06-08 12:07:44,721 - train.py[line:208] - INFO: using time 7.8901, training loss at epoch 214: -0.0141
2021-06-08 12:07:52,687 - train.py[line:208] - INFO: using time 7.9478, training loss at epoch 215: -0.0103
2021-06-08 12:08:00,650 - train.py[line:208] - INFO: using time 7.9470, training loss at epoch 216: -0.0100
2021-06-08 12:08:08,496 - train.py[line:208] - INFO: using time 7.8329, training loss at epoch 217: -0.0136
2021-06-08 12:08:16,480 - train.py[line:208] - INFO: using time 7.9730, training loss at epoch 218: -0.0128
2021-06-08 12:08:50,965 - train.py[line:148] - INFO: +-------+-------------------+--------------------+-----------------------+----------------------------------------------------------+----------------------------------------------------------+----------------------------------------------------------+----------------------------------------------------------+--------------------+
| Epoch |   training time   |    tesing time     |          Loss         |                          recall                          |                           ndcg                           |                        precision                         |                        hit_ratio                         |        auc         |
+-------+-------------------+--------------------+-----------------------+----------------------------------------------------------+----------------------------------------------------------+----------------------------------------------------------+----------------------------------------------------------+--------------------+
|  219  | 7.928839445114136 | 26.545028686523438 | -0.013225401751697063 | [0.13261884 0.16449612 0.19900818 0.22303348 0.23926105] | [0.08516864 0.09365811 0.10133875 0.10585925 0.10873171] | [0.01645374 0.01051211 0.00659967 0.00498348 0.00405424] | [0.1530837  0.18964758 0.22742291 0.2527533  0.26982379] | 0.7319588572502296 |
+-------+-------------------+--------------------+-----------------------+----------------------------------------------------------+----------------------------------------------------------+----------------------------------------------------------+----------------------------------------------------------+--------------------+
2021-06-08 12:08:50,966 - train.py[line:214] - INFO: early stopping at 219, recall@20:0.1675
