2021-06-08 11:39:59,869 - train.py[line:64] - INFO: n_users: 3466
2021-06-08 11:39:59,869 - train.py[line:65] - INFO: n_items: 4922
2021-06-08 11:39:59,869 - train.py[line:66] - INFO: n_interactions: 4
2021-06-08 11:39:59,869 - train.py[line:67] - INFO: n_relation: 7
2021-06-08 11:39:59,869 - train.py[line:68] - INFO: n_entity: 18690
2021-06-08 11:39:59,869 - train.py[line:70] - INFO: dataset: MinReader
2021-06-08 11:40:03,190 - train.py[line:79] - INFO: MEREC(
  (kgcn): KGConv(
    (conv): ModuleList(
      (0): Aggregator(
        (activation): LeakyReLU(negative_slope=0.01)
        (linear): Linear(in_features=64, out_features=1, bias=True)
        (project): Linear(in_features=64, out_features=64, bias=True)
        (tanh): Tanh()
      )
      (1): Aggregator(
        (activation): LeakyReLU(negative_slope=0.01)
        (linear): Linear(in_features=64, out_features=1, bias=True)
        (project): Linear(in_features=64, out_features=64, bias=True)
        (tanh): Tanh()
      )
      (2): Aggregator(
        (activation): LeakyReLU(negative_slope=0.01)
        (linear): Linear(in_features=64, out_features=1, bias=True)
        (project): Linear(in_features=64, out_features=64, bias=True)
        (tanh): Tanh()
      )
    )
    (dropout): Dropout(p=0.2, inplace=False)
  )
  (tanh): Tanh()
)
2021-06-08 11:40:34,215 - train.py[line:208] - INFO: using time 31.0171, training loss at epoch 0: 31.5703
2021-06-08 11:41:08,418 - train.py[line:148] - INFO: +-------+--------------------+--------------------+--------------------+----------------------------------------------------------+----------------------------------------------------------+----------------------------------------------------------+----------------------------------------------------------+-------------------+
| Epoch |   training time    |    tesing time     |        Loss        |                          recall                          |                           ndcg                           |                        precision                         |                        hit_ratio                         |        auc        |
+-------+--------------------+--------------------+--------------------+----------------------------------------------------------+----------------------------------------------------------+----------------------------------------------------------+----------------------------------------------------------+-------------------+
|   1   | 30.940689086914062 | 3.2053182125091553 | 26.670183181762695 | [0.05261932 0.07975919 0.11080596 0.13688708 0.15600859] | [0.06979183 0.07827945 0.08939439 0.0982694  0.10453743] | [0.04979804 0.03838719 0.02782025 0.023216   0.02030439] | [0.33641085 0.44893249 0.55135603 0.62406232 0.67166763] | 0.783144349657848 |
+-------+--------------------+--------------------+--------------------+----------------------------------------------------------+----------------------------------------------------------+----------------------------------------------------------+----------------------------------------------------------+-------------------+
2021-06-08 11:41:41,798 - train.py[line:208] - INFO: using time 33.3030, training loss at epoch 2: 24.8124
2021-06-08 11:42:13,446 - train.py[line:208] - INFO: using time 31.6247, training loss at epoch 3: 23.5635
2021-06-08 11:42:45,504 - train.py[line:208] - INFO: using time 32.0312, training loss at epoch 4: 22.6252
2021-06-08 11:43:18,766 - train.py[line:208] - INFO: using time 33.2381, training loss at epoch 5: 21.7566
2021-06-08 11:43:51,255 - train.py[line:208] - INFO: using time 32.4699, training loss at epoch 6: 21.0695
2021-06-08 11:44:21,087 - train.py[line:208] - INFO: using time 29.8051, training loss at epoch 7: 20.5121
2021-06-08 11:44:54,209 - train.py[line:208] - INFO: using time 33.0985, training loss at epoch 8: 19.8785
2021-06-08 11:45:30,706 - train.py[line:148] - INFO: +-------+-------------------+-------------------+--------------------+----------------------------------------------------------+----------------------------------------------------------+----------------------------------------------------------+----------------------------------------------------------+--------------------+
| Epoch |   training time   |    tesing time    |        Loss        |                          recall                          |                           ndcg                           |                        precision                         |                        hit_ratio                         |        auc         |
+-------+-------------------+-------------------+--------------------+----------------------------------------------------------+----------------------------------------------------------+----------------------------------------------------------+----------------------------------------------------------+--------------------+
|   9   | 33.27088809013367 | 3.203557014465332 | 19.303775787353516 | [0.05748308 0.08256464 0.11365821 0.14022699 0.16462691] | [0.07429311 0.08166412 0.09296187 0.10207004 0.10994808] | [0.05320254 0.03975765 0.02857761 0.02389883 0.02127452] | [0.35401039 0.45124062 0.55568379 0.63704559 0.68349683] | 0.7792213136834003 |
+-------+-------------------+-------------------+--------------------+----------------------------------------------------------+----------------------------------------------------------+----------------------------------------------------------+----------------------------------------------------------+--------------------+
2021-06-08 11:45:59,437 - train.py[line:208] - INFO: using time 28.6609, training loss at epoch 10: 18.9674
2021-06-08 11:46:32,734 - train.py[line:208] - INFO: using time 33.2736, training loss at epoch 11: 18.3049
2021-06-08 11:47:06,139 - train.py[line:208] - INFO: using time 33.3708, training loss at epoch 12: 17.8507
2021-06-08 11:47:34,181 - train.py[line:208] - INFO: using time 28.0217, training loss at epoch 13: 17.4995
2021-06-08 11:48:05,716 - train.py[line:208] - INFO: using time 31.5112, training loss at epoch 14: 16.9561
2021-06-08 11:48:39,426 - train.py[line:208] - INFO: using time 33.6878, training loss at epoch 15: 16.7068
2021-06-08 11:49:10,782 - train.py[line:208] - INFO: using time 31.3329, training loss at epoch 16: 16.1999
2021-06-08 11:49:39,432 - train.py[line:208] - INFO: using time 28.6086, training loss at epoch 17: 15.9661
2021-06-08 11:50:12,751 - train.py[line:208] - INFO: using time 33.2986, training loss at epoch 18: 15.5632
2021-06-08 11:50:49,423 - train.py[line:148] - INFO: +-------+-------------------+--------------------+--------------------+----------------------------------------------------------+----------------------------------------------------------+----------------------------------------------------------+----------------------------------------------------------+--------------------+
| Epoch |   training time   |    tesing time     |        Loss        |                          recall                          |                           ndcg                           |                        precision                         |                        hit_ratio                         |        auc         |
+-------+-------------------+--------------------+--------------------+----------------------------------------------------------+----------------------------------------------------------+----------------------------------------------------------+----------------------------------------------------------+--------------------+
|   19  | 33.65025615692139 | 2.9974350929260254 | 15.170496940612793 | [0.05928018 0.08336261 0.11932615 0.14861972 0.17154192] | [0.0762174  0.08326106 0.09641785 0.1064798  0.11399588] | [0.05441431 0.04003174 0.02956578 0.02488459 0.02191287] | [0.35603001 0.45095211 0.57184074 0.65204847 0.70138488] | 0.7722399514712559 |
+-------+-------------------+--------------------+--------------------+----------------------------------------------------------+----------------------------------------------------------+----------------------------------------------------------+----------------------------------------------------------+--------------------+
2021-06-08 11:51:14,622 - train.py[line:208] - INFO: using time 25.1264, training loss at epoch 20: 14.9374
2021-06-08 11:51:47,623 - train.py[line:208] - INFO: using time 32.9779, training loss at epoch 21: 14.6344
2021-06-08 11:52:20,760 - train.py[line:208] - INFO: using time 33.1152, training loss at epoch 22: 14.2871
2021-06-08 11:52:49,034 - train.py[line:208] - INFO: using time 28.2489, training loss at epoch 23: 13.9939
2021-06-08 11:53:19,617 - train.py[line:208] - INFO: using time 30.5604, training loss at epoch 24: 13.6120
2021-06-08 11:53:52,610 - train.py[line:208] - INFO: using time 32.9734, training loss at epoch 25: 13.2512
2021-06-08 11:54:24,885 - train.py[line:208] - INFO: using time 32.2552, training loss at epoch 26: 12.9834
2021-06-08 11:54:54,920 - train.py[line:208] - INFO: using time 30.0090, training loss at epoch 27: 12.7970
2021-06-08 11:55:27,557 - train.py[line:208] - INFO: using time 32.6180, training loss at epoch 28: 12.4546
2021-06-08 11:56:03,619 - train.py[line:148] - INFO: +-------+-------------------+-------------------+--------------------+----------------------------------------------------------+----------------------------------------------------------+----------------------------------------------------------+----------------------------------------------------------+--------------------+
| Epoch |   training time   |    tesing time    |        Loss        |                          recall                          |                           ndcg                           |                        precision                         |                        hit_ratio                         |        auc         |
+-------+-------------------+-------------------+--------------------+----------------------------------------------------------+----------------------------------------------------------+----------------------------------------------------------+----------------------------------------------------------+--------------------+
|   29  | 32.65401601791382 | 3.385134696960449 | 12.206551551818848 | [0.05814643 0.08557374 0.12156637 0.14858601 0.17355637] | [0.07483654 0.08345722 0.09639235 0.1056998  0.11376062] | [0.05412579 0.04125793 0.02993364 0.02481246 0.02191647] | [0.35545297 0.46566647 0.57587998 0.65031737 0.70225043] | 0.7662287100216069 |
+-------+-------------------+-------------------+--------------------+----------------------------------------------------------+----------------------------------------------------------+----------------------------------------------------------+----------------------------------------------------------+--------------------+
2021-06-08 11:56:33,417 - train.py[line:208] - INFO: using time 29.7304, training loss at epoch 30: 12.0397
2021-06-08 11:57:06,335 - train.py[line:208] - INFO: using time 32.8965, training loss at epoch 31: 11.6423
2021-06-08 11:57:39,214 - train.py[line:208] - INFO: using time 32.8559, training loss at epoch 32: 11.4395
2021-06-08 11:58:07,417 - train.py[line:208] - INFO: using time 28.1817, training loss at epoch 33: 11.3108
2021-06-08 11:58:38,715 - train.py[line:208] - INFO: using time 31.2747, training loss at epoch 34: 11.0177
2021-06-08 11:59:11,860 - train.py[line:208] - INFO: using time 33.1248, training loss at epoch 35: 10.8013
2021-06-08 11:59:42,797 - train.py[line:208] - INFO: using time 30.9150, training loss at epoch 36: 10.5796
2021-06-08 12:00:11,352 - train.py[line:208] - INFO: using time 28.5245, training loss at epoch 37: 10.3652
2021-06-08 12:00:44,356 - train.py[line:208] - INFO: using time 32.9829, training loss at epoch 38: 10.2231
2021-06-08 12:01:20,482 - train.py[line:148] - INFO: +-------+-------------------+-------------------+-------------------+----------------------------------------------------------+----------------------------------------------------------+----------------------------------------------------------+----------------------------------------------------------+--------------------+
| Epoch |   training time   |    tesing time    |        Loss       |                          recall                          |                           ndcg                           |                        precision                         |                        hit_ratio                         |        auc         |
+-------+-------------------+-------------------+-------------------+----------------------------------------------------------+----------------------------------------------------------+----------------------------------------------------------+----------------------------------------------------------+--------------------+
|   39  | 33.02520275115967 | 3.076063394546509 | 9.988581657409668 | [0.05751761 0.08397111 0.12073508 0.14730937 0.17204502] | [0.07359338 0.08190964 0.09552571 0.104696   0.11268579] | [0.05311598 0.04007501 0.02972447 0.02460569 0.02168927] | [0.35516445 0.45152914 0.57674553 0.64252741 0.69734564] | 0.7617823844470377 |
+-------+-------------------+-------------------+-------------------+----------------------------------------------------------+----------------------------------------------------------+----------------------------------------------------------+----------------------------------------------------------+--------------------+
2021-06-08 12:01:46,946 - train.py[line:208] - INFO: using time 26.3972, training loss at epoch 40: 9.9240
2021-06-08 12:02:20,344 - train.py[line:208] - INFO: using time 33.3685, training loss at epoch 41: 9.6415
2021-06-08 12:02:53,427 - train.py[line:208] - INFO: using time 33.0584, training loss at epoch 42: 9.4257
2021-06-08 12:03:24,216 - train.py[line:208] - INFO: using time 30.7663, training loss at epoch 43: 9.2944
2021-06-08 12:03:55,265 - train.py[line:208] - INFO: using time 31.0277, training loss at epoch 44: 9.0648
2021-06-08 12:04:28,374 - train.py[line:208] - INFO: using time 33.0845, training loss at epoch 45: 8.9140
2021-06-08 12:05:00,165 - train.py[line:208] - INFO: using time 31.7709, training loss at epoch 46: 8.8073
2021-06-08 12:05:30,686 - train.py[line:208] - INFO: using time 30.4788, training loss at epoch 47: 8.6397
2021-06-08 12:06:03,219 - train.py[line:208] - INFO: using time 32.5113, training loss at epoch 48: 8.4951
2021-06-08 12:06:38,968 - train.py[line:148] - INFO: +-------+--------------------+--------------------+------------------+----------------------------------------------------------+----------------------------------------------------------+----------------------------------------------------------+----------------------------------------------------------+--------------------+
| Epoch |   training time    |    tesing time     |       Loss       |                          recall                          |                           ndcg                           |                        precision                         |                        hit_ratio                         |        auc         |
+-------+--------------------+--------------------+------------------+----------------------------------------------------------+----------------------------------------------------------+----------------------------------------------------------+----------------------------------------------------------+--------------------+
|   49  | 32.537667751312256 | 3.1886534690856934 | 8.44198226928711 | [0.05757    0.08330398 0.11852506 0.14701333 0.16883769] | [0.07351656 0.08135378 0.09423128 0.10411752 0.11127006] | [0.05305828 0.03961339 0.02892383 0.02431237 0.02127452] | [0.35170225 0.45239469 0.56549336 0.63993076 0.69099827] | 0.7568380966435975 |
+-------+--------------------+--------------------+------------------+----------------------------------------------------------+----------------------------------------------------------+----------------------------------------------------------+----------------------------------------------------------+--------------------+
2021-06-08 12:07:08,708 - train.py[line:208] - INFO: using time 29.6785, training loss at epoch 50: 8.3082
2021-06-08 12:07:41,800 - train.py[line:208] - INFO: using time 33.0642, training loss at epoch 51: 8.1000
2021-06-08 12:08:14,786 - train.py[line:208] - INFO: using time 32.9645, training loss at epoch 52: 7.9995
2021-06-08 12:08:44,040 - train.py[line:208] - INFO: using time 29.2327, training loss at epoch 53: 7.8380
2021-06-08 12:09:08,153 - train.py[line:208] - INFO: using time 24.0880, training loss at epoch 54: 7.7745
2021-06-08 12:09:30,925 - train.py[line:208] - INFO: using time 22.7514, training loss at epoch 55: 7.6036
2021-06-08 12:09:53,792 - train.py[line:208] - INFO: using time 22.8473, training loss at epoch 56: 7.5327
2021-06-08 12:10:16,651 - train.py[line:208] - INFO: using time 22.8383, training loss at epoch 57: 7.3816
2021-06-08 12:10:39,601 - train.py[line:208] - INFO: using time 22.9308, training loss at epoch 58: 7.2811
2021-06-08 12:11:05,720 - train.py[line:148] - INFO: +-------+--------------------+-------------------+------------------+----------------------------------------------------------+----------------------------------------------------------+----------------------------------------------------------+----------------------------------------------------------+--------------------+
| Epoch |   training time    |    tesing time    |       Loss       |                          recall                          |                           ndcg                           |                        precision                         |                        hit_ratio                         |        auc         |
+-------+--------------------+-------------------+------------------+----------------------------------------------------------+----------------------------------------------------------+----------------------------------------------------------+----------------------------------------------------------+--------------------+
|   59  | 22.959689617156982 | 3.132747173309326 | 7.19849967956543 | [0.05616357 0.08307944 0.11740376 0.14577207 0.16804155] | [0.07119572 0.07982209 0.09248685 0.1023347  0.10949186] | [0.05155799 0.03929602 0.02867859 0.02416811 0.02105092] | [0.34391229 0.45441431 0.56751298 0.64223889 0.686382  ] | 0.7563250298122349 |
+-------+--------------------+-------------------+------------------+----------------------------------------------------------+----------------------------------------------------------+----------------------------------------------------------+----------------------------------------------------------+--------------------+
2021-06-08 12:11:29,333 - train.py[line:208] - INFO: using time 23.5666, training loss at epoch 60: 7.0449
2021-06-08 12:12:00,456 - train.py[line:208] - INFO: using time 31.0988, training loss at epoch 61: 6.9332
2021-06-08 12:12:32,796 - train.py[line:208] - INFO: using time 32.3091, training loss at epoch 62: 6.8759
2021-06-08 12:13:06,662 - train.py[line:208] - INFO: using time 33.8409, training loss at epoch 63: 6.8142
2021-06-08 12:13:40,164 - train.py[line:208] - INFO: using time 33.4758, training loss at epoch 64: 6.6408
2021-06-08 12:14:13,556 - train.py[line:208] - INFO: using time 33.3002, training loss at epoch 65: 6.5740
2021-06-08 12:14:46,930 - train.py[line:208] - INFO: using time 33.3517, training loss at epoch 66: 6.6060
2021-06-08 12:15:21,703 - train.py[line:208] - INFO: using time 34.7172, training loss at epoch 67: 6.4001
2021-06-08 12:15:52,095 - train.py[line:208] - INFO: using time 30.3673, training loss at epoch 68: 6.3773
2021-06-08 12:16:30,169 - train.py[line:148] - INFO: +-------+--------------------+--------------------+-------------------+----------------------------------------------------------+----------------------------------------------------------+----------------------------------------------------------+----------------------------------------------------------+--------------------+
| Epoch |   training time    |    tesing time     |        Loss       |                          recall                          |                           ndcg                           |                        precision                         |                        hit_ratio                         |        auc         |
+-------+--------------------+--------------------+-------------------+----------------------------------------------------------+----------------------------------------------------------+----------------------------------------------------------+----------------------------------------------------------+--------------------+
|   69  | 34.932778120040894 | 3.1167654991149902 | 6.276368141174316 | [0.0545679  0.07887301 0.1147827  0.14246424 0.16430452] | [0.06836359 0.0759143  0.08934405 0.09897063 0.10589468] | [0.05002885 0.03736295 0.02796451 0.02351895 0.02043422] | [0.33785343 0.43854587 0.55510675 0.62896711 0.678015  ] | 0.7521802722423452 |
+-------+--------------------+--------------------+-------------------+----------------------------------------------------------+----------------------------------------------------------+----------------------------------------------------------+----------------------------------------------------------+--------------------+
2021-06-08 12:17:03,163 - train.py[line:208] - INFO: using time 32.9329, training loss at epoch 70: 6.1379
2021-06-08 12:17:35,787 - train.py[line:208] - INFO: using time 32.5998, training loss at epoch 71: 6.1481
2021-06-08 12:18:08,577 - train.py[line:208] - INFO: using time 32.7260, training loss at epoch 72: 6.0532
2021-06-08 12:18:41,138 - train.py[line:208] - INFO: using time 32.5394, training loss at epoch 73: 5.9481
2021-06-08 12:19:15,925 - train.py[line:208] - INFO: using time 34.7463, training loss at epoch 74: 5.9185
2021-06-08 12:19:47,213 - train.py[line:208] - INFO: using time 31.2659, training loss at epoch 75: 5.8335
2021-06-08 12:20:22,659 - train.py[line:208] - INFO: using time 35.4232, training loss at epoch 76: 5.7575
2021-06-08 12:20:55,826 - train.py[line:208] - INFO: using time 33.1405, training loss at epoch 77: 5.7081
2021-06-08 12:21:27,482 - train.py[line:208] - INFO: using time 31.6305, training loss at epoch 78: 5.6454
2021-06-08 12:22:05,218 - train.py[line:148] - INFO: +-------+--------------------+-------------------+-------------------+----------------------------------------------------------+----------------------------------------------------------+----------------------------------------------------------+----------------------------------------------------------+--------------------+
| Epoch |   training time    |    tesing time    |        Loss       |                          recall                          |                           ndcg                           |                        precision                         |                        hit_ratio                         |        auc         |
+-------+--------------------+-------------------+-------------------+----------------------------------------------------------+----------------------------------------------------------+----------------------------------------------------------+----------------------------------------------------------+--------------------+
|   79  | 34.541518449783325 | 3.145153284072876 | 5.556501865386963 | [0.05521426 0.08040757 0.11384498 0.14049955 0.16314941] | [0.06893172 0.07686288 0.08926905 0.09849582 0.10572802] | [0.05043278 0.03789671 0.02784189 0.02331698 0.02038373] | [0.34246971 0.44143104 0.55308713 0.62579342 0.68032314] | 0.7500855402034358 |
+-------+--------------------+-------------------+-------------------+----------------------------------------------------------+----------------------------------------------------------+----------------------------------------------------------+----------------------------------------------------------+--------------------+
2021-06-08 12:22:39,087 - train.py[line:208] - INFO: using time 33.8091, training loss at epoch 80: 5.4698
2021-06-08 12:23:12,607 - train.py[line:208] - INFO: using time 33.4945, training loss at epoch 81: 5.4332
2021-06-08 12:23:44,354 - train.py[line:208] - INFO: using time 31.7205, training loss at epoch 82: 5.3877
2021-06-08 12:24:19,795 - train.py[line:208] - INFO: using time 35.4178, training loss at epoch 83: 5.2828
2021-06-08 12:24:52,169 - train.py[line:208] - INFO: using time 32.3525, training loss at epoch 84: 5.3013
2021-06-08 12:25:25,160 - train.py[line:208] - INFO: using time 32.9637, training loss at epoch 85: 5.2463
2021-06-08 12:25:59,026 - train.py[line:208] - INFO: using time 33.8339, training loss at epoch 86: 5.1382
2021-06-08 12:26:32,937 - train.py[line:208] - INFO: using time 33.8872, training loss at epoch 87: 5.1533
2021-06-08 12:27:07,261 - train.py[line:208] - INFO: using time 34.2981, training loss at epoch 88: 5.0468
2021-06-08 12:27:43,690 - train.py[line:148] - INFO: +-------+--------------------+--------------------+-------------------+----------------------------------------------------------+----------------------------------------------------------+----------------------------------------------------------+----------------------------------------------------------+--------------------+
| Epoch |   training time    |    tesing time     |        Loss       |                          recall                          |                           ndcg                           |                        precision                         |                        hit_ratio                         |        auc         |
+-------+--------------------+--------------------+-------------------+----------------------------------------------------------+----------------------------------------------------------+----------------------------------------------------------+----------------------------------------------------------+--------------------+
|   89  | 33.066874265670776 | 3.3356966972351074 | 5.022946834564209 | [0.05386216 0.07936669 0.1139971  0.13787656 0.15960387] | [0.06781307 0.07590246 0.08872335 0.09691938 0.10394958] | [0.04899019 0.03718984 0.02764714 0.02268225 0.01993292] | [0.33439123 0.43623774 0.5525101  0.62233122 0.66589729] | 0.7479416495064511 |
+-------+--------------------+--------------------+-------------------+----------------------------------------------------------+----------------------------------------------------------+----------------------------------------------------------+----------------------------------------------------------+--------------------+
2021-06-08 12:28:19,191 - train.py[line:208] - INFO: using time 35.4396, training loss at epoch 90: 4.9586
2021-06-08 12:28:49,033 - train.py[line:208] - INFO: using time 29.8174, training loss at epoch 91: 4.9068
2021-06-08 12:29:21,735 - train.py[line:208] - INFO: using time 32.6636, training loss at epoch 92: 4.8389
2021-06-08 12:29:55,846 - train.py[line:208] - INFO: using time 34.0798, training loss at epoch 93: 4.8364
2021-06-08 12:30:29,389 - train.py[line:208] - INFO: using time 33.5181, training loss at epoch 94: 4.6999
2021-06-08 12:31:02,866 - train.py[line:208] - INFO: using time 33.4518, training loss at epoch 95: 4.7209
2021-06-08 12:31:35,761 - train.py[line:208] - INFO: using time 32.8654, training loss at epoch 96: 4.7041
2021-06-08 12:32:10,304 - train.py[line:208] - INFO: using time 34.5131, training loss at epoch 97: 4.6821
2021-06-08 12:32:40,926 - train.py[line:208] - INFO: using time 30.5963, training loss at epoch 98: 4.6369
2021-06-08 12:33:17,816 - train.py[line:148] - INFO: +-------+-------------------+------------------+-------------------+----------------------------------------------------------+----------------------------------------------------------+----------------------------------------------------------+----------------------------------------------------------+--------------------+
| Epoch |   training time   |   tesing time    |        Loss       |                          recall                          |                           ndcg                           |                        precision                         |                        hit_ratio                         |        auc         |
+-------+-------------------+------------------+-------------------+----------------------------------------------------------+----------------------------------------------------------+----------------------------------------------------------+----------------------------------------------------------+--------------------+
|   99  | 32.50989890098572 | 4.35559606552124 | 4.602591514587402 | [0.0522778  0.07619213 0.11058492 0.13660678 0.15815244] | [0.06548762 0.07317531 0.08587122 0.09493629 0.10187752] | [0.0474899  0.03607905 0.02686093 0.02257165 0.0197526 ] | [0.33150606 0.42902481 0.54789383 0.61771495 0.66907098] | 0.7464071912306652 |
+-------+-------------------+------------------+-------------------+----------------------------------------------------------+----------------------------------------------------------+----------------------------------------------------------+----------------------------------------------------------+--------------------+
2021-06-08 12:33:52,188 - train.py[line:208] - INFO: using time 34.2729, training loss at epoch 100: 4.5087
2021-06-08 12:34:24,351 - train.py[line:208] - INFO: using time 32.1399, training loss at epoch 101: 4.4854
2021-06-08 12:34:58,884 - train.py[line:208] - INFO: using time 34.4808, training loss at epoch 102: 4.4384
2021-06-08 12:35:31,879 - train.py[line:208] - INFO: using time 32.9654, training loss at epoch 103: 4.4051
2021-06-08 12:36:08,166 - train.py[line:208] - INFO: using time 36.2653, training loss at epoch 104: 4.3865
2021-06-08 12:36:37,365 - train.py[line:208] - INFO: using time 29.1745, training loss at epoch 105: 4.3274
2021-06-08 12:37:12,393 - train.py[line:208] - INFO: using time 34.9829, training loss at epoch 106: 4.2899
2021-06-08 12:37:47,220 - train.py[line:208] - INFO: using time 34.8092, training loss at epoch 107: 4.2857
2021-06-08 12:38:19,371 - train.py[line:208] - INFO: using time 32.1263, training loss at epoch 108: 4.2543
2021-06-08 12:38:56,223 - train.py[line:148] - INFO: +-------+------------------+-------------------+-------------------+----------------------------------------------------------+----------------------------------------------------------+----------------------------------------------------------+----------------------------------------------------------+--------------------+
| Epoch |  training time   |    tesing time    |        Loss       |                          recall                          |                           ndcg                           |                        precision                         |                        hit_ratio                         |        auc         |
+-------+------------------+-------------------+-------------------+----------------------------------------------------------+----------------------------------------------------------+----------------------------------------------------------+----------------------------------------------------------+--------------------+
|  109  | 33.4972140789032 | 3.307866334915161 | 4.184779167175293 | [0.05204559 0.07734673 0.11042941 0.13572385 0.15637745] | [0.06434951 0.07271186 0.08486161 0.09365072 0.10035466] | [0.04740335 0.03662724 0.026897   0.02248509 0.01966965] | [0.33410271 0.4356607  0.54587421 0.61338719 0.66041546] | 0.7453485220240393 |
+-------+------------------+-------------------+-------------------+----------------------------------------------------------+----------------------------------------------------------+----------------------------------------------------------+----------------------------------------------------------+--------------------+
2021-06-08 12:39:28,973 - train.py[line:208] - INFO: using time 32.6905, training loss at epoch 110: 4.1571
2021-06-08 12:40:03,489 - train.py[line:208] - INFO: using time 34.4947, training loss at epoch 111: 4.1630
2021-06-08 12:40:34,961 - train.py[line:208] - INFO: using time 31.4223, training loss at epoch 112: 4.0871
2021-06-08 12:41:08,898 - train.py[line:208] - INFO: using time 33.9154, training loss at epoch 113: 4.0504
2021-06-08 12:41:43,097 - train.py[line:208] - INFO: using time 34.1724, training loss at epoch 114: 4.0388
2021-06-08 12:42:13,179 - train.py[line:208] - INFO: using time 30.0590, training loss at epoch 115: 4.0015
2021-06-08 12:42:46,256 - train.py[line:208] - INFO: using time 33.0476, training loss at epoch 116: 3.9750
2021-06-08 12:43:19,570 - train.py[line:208] - INFO: using time 33.2906, training loss at epoch 117: 3.9819
2021-06-08 12:43:51,160 - train.py[line:208] - INFO: using time 31.5600, training loss at epoch 118: 3.9206
2021-06-08 12:44:25,305 - train.py[line:148] - INFO: +-------+--------------------+--------------------+-------------------+----------------------------------------------------------+----------------------------------------------------------+----------------------------------------------------------+----------------------------------------------------------+-------------------+
| Epoch |   training time    |    tesing time     |        Loss       |                          recall                          |                           ndcg                           |                        precision                         |                        hit_ratio                         |        auc        |
+-------+--------------------+--------------------+-------------------+----------------------------------------------------------+----------------------------------------------------------+----------------------------------------------------------+----------------------------------------------------------+-------------------+
|  119  | 30.807889938354492 | 3.3128700256347656 | 3.922463893890381 | [0.0508434  0.07438538 0.10687791 0.13210729 0.153639  ] | [0.06233341 0.06991714 0.08206185 0.09078413 0.09770537] | [0.04610502 0.03518465 0.02614686 0.02191768 0.01926212] | [0.32515868 0.42758223 0.53462204 0.60415465 0.65579919] | 0.742927586806981 |
+-------+--------------------+--------------------+-------------------+----------------------------------------------------------+----------------------------------------------------------+----------------------------------------------------------+----------------------------------------------------------+-------------------+
2021-06-08 12:44:58,498 - train.py[line:208] - INFO: using time 33.1256, training loss at epoch 120: 3.8337
2021-06-08 12:45:30,236 - train.py[line:208] - INFO: using time 31.7157, training loss at epoch 121: 3.8469
2021-06-08 12:46:00,384 - train.py[line:208] - INFO: using time 30.0815, training loss at epoch 122: 3.8202
2021-06-08 12:46:33,216 - train.py[line:208] - INFO: using time 32.8007, training loss at epoch 123: 3.8140
2021-06-08 12:47:06,113 - train.py[line:208] - INFO: using time 32.8747, training loss at epoch 124: 3.7756
2021-06-08 12:47:37,149 - train.py[line:208] - INFO: using time 31.0119, training loss at epoch 125: 3.7001
2021-06-08 12:48:09,605 - train.py[line:208] - INFO: using time 32.4299, training loss at epoch 126: 3.7667
2021-06-08 12:48:42,292 - train.py[line:208] - INFO: using time 32.6654, training loss at epoch 127: 3.7279
2021-06-08 12:49:12,158 - train.py[line:208] - INFO: using time 29.8375, training loss at epoch 128: 3.7344
2021-06-08 12:49:45,724 - train.py[line:148] - INFO: +-------+-------------------+--------------------+-------------------+----------------------------------------------------------+----------------------------------------------------------+----------------------------------------------------------+----------------------------------------------------------+--------------------+
| Epoch |   training time   |    tesing time     |        Loss       |                          recall                          |                           ndcg                           |                        precision                         |                        hit_ratio                         |        auc         |
+-------+-------------------+--------------------+-------------------+----------------------------------------------------------+----------------------------------------------------------+----------------------------------------------------------+----------------------------------------------------------+--------------------+
|  129  | 30.32615351676941 | 3.2089786529541016 | 3.668260335922241 | [0.0503514  0.07444914 0.10700326 0.13164153 0.15496394] | [0.06241548 0.07031225 0.08231497 0.09077654 0.09824072] | [0.04590306 0.03548759 0.02617571 0.02178304 0.01931621] | [0.31996538 0.42469706 0.52942874 0.60184651 0.65551068] | 0.7423560547425588 |
+-------+-------------------+--------------------+-------------------+----------------------------------------------------------+----------------------------------------------------------+----------------------------------------------------------+----------------------------------------------------------+--------------------+
2021-06-08 12:49:45,726 - train.py[line:214] - INFO: early stopping at 129, recall@20:0.0856
