2021-09-03 14:40:20,218 - train.py[line:59] - INFO: n_users: 6040
2021-09-03 14:40:20,218 - train.py[line:60] - INFO: n_items: 3655
2021-09-03 14:40:20,218 - train.py[line:61] - INFO: n_interactions: 6
2021-09-03 14:40:20,218 - train.py[line:62] - INFO: n_relation: 49
2021-09-03 14:40:20,219 - train.py[line:63] - INFO: n_entity: 79347
2021-09-03 14:40:20,219 - train.py[line:65] - INFO: dataset: ml-1m
2021-09-03 14:40:25,475 - train.py[line:74] - INFO: KUPA(
  (kgcn): KGConv(
    (conv): ModuleList(
      (0): Aggregator(
        (activation): LeakyReLU(negative_slope=0.01)
        (linear): Linear(in_features=64, out_features=1, bias=True)
        (project): Linear(in_features=64, out_features=64, bias=True)
        (tanh): Tanh()
      )
      (1): Aggregator(
        (activation): LeakyReLU(negative_slope=0.01)
        (linear): Linear(in_features=64, out_features=1, bias=True)
        (project): Linear(in_features=64, out_features=64, bias=True)
        (tanh): Tanh()
      )
      (2): Aggregator(
        (activation): LeakyReLU(negative_slope=0.01)
        (linear): Linear(in_features=64, out_features=1, bias=True)
        (project): Linear(in_features=64, out_features=64, bias=True)
        (tanh): Tanh()
      )
    )
    (dropout): Dropout(p=0.2, inplace=False)
  )
  (tanh): Tanh()
)
2021-09-03 14:45:29,779 - train.py[line:152] - INFO: using time 304.2764, training loss at epoch 0: 112.6151
2021-09-03 14:50:39,194 - train.py[line:135] - INFO: +-------+-------------------+-------------------+-------------------+----------------------------------------------------------+----------------------------------------------------------+----------------------------------------------------------+----------------------------------------------------------+-------------------+
| Epoch |   training time   |    tesing time    |        Loss       |                          recall                          |                           ndcg                           |                        precision                         |                        hit_ratio                         |        auc        |
+-------+-------------------+-------------------+-------------------+----------------------------------------------------------+----------------------------------------------------------+----------------------------------------------------------+----------------------------------------------------------+-------------------+
|   1   | 304.8251118659973 | 4.426776885986328 | 90.30070495605469 | [0.1384315  0.21874406 0.32814477 0.40368959 0.46327379] | [0.36339253 0.34646772 0.3543934  0.37140293 0.38944218] | [0.32496689 0.26975166 0.21400662 0.18203091 0.16076987] | [0.88708609 0.94884106 0.97715232 0.98692053 0.99089404] | 0.926924109682315 |
+-------+-------------------+-------------------+-------------------+----------------------------------------------------------+----------------------------------------------------------+----------------------------------------------------------+----------------------------------------------------------+-------------------+
2021-09-03 14:55:45,112 - train.py[line:152] - INFO: using time 305.6601, training loss at epoch 2: 83.1109
2021-09-03 15:00:50,516 - train.py[line:152] - INFO: using time 305.2725, training loss at epoch 3: 79.0279
2021-09-03 15:05:56,705 - train.py[line:152] - INFO: using time 306.0572, training loss at epoch 4: 75.8464
2021-09-03 15:11:03,596 - train.py[line:152] - INFO: using time 306.7508, training loss at epoch 5: 73.6007
2021-09-03 15:16:11,303 - train.py[line:152] - INFO: using time 307.5662, training loss at epoch 6: 71.5332
2021-09-03 15:21:16,893 - train.py[line:152] - INFO: using time 305.4500, training loss at epoch 7: 70.0249
2021-09-03 15:26:22,603 - train.py[line:152] - INFO: using time 305.5760, training loss at epoch 8: 68.3353
2021-09-03 15:31:34,123 - train.py[line:135] - INFO: +-------+-------------------+------------------+-------------------+----------------------------------------------------------+----------------------------------------------------------+----------------------------------------------------------+----------------------------------------------------------+-------------------+
| Epoch |   training time   |   tesing time    |        Loss       |                          recall                          |                           ndcg                           |                        precision                         |                        hit_ratio                         |        auc        |
+-------+-------------------+------------------+-------------------+----------------------------------------------------------+----------------------------------------------------------+----------------------------------------------------------+----------------------------------------------------------+-------------------+
|   9   | 306.7902317047119 | 4.59103536605835 | 66.89037322998047 | [0.15421512 0.24269409 0.36138319 0.44224674 0.5030142 ] | [0.38781182 0.37382353 0.38525787 0.40397308 0.42227051] | [0.34812914 0.29054636 0.23115066 0.19609272 0.17218336] | [0.91043046 0.96307947 0.98576159 0.99238411 0.99602649] | 0.935372573755486 |
+-------+-------------------+------------------+-------------------+----------------------------------------------------------+----------------------------------------------------------+----------------------------------------------------------+----------------------------------------------------------+-------------------+
2021-09-03 15:36:40,078 - train.py[line:152] - INFO: using time 305.6381, training loss at epoch 10: 65.5526
2021-09-03 15:41:46,000 - train.py[line:152] - INFO: using time 305.7327, training loss at epoch 11: 64.3664
2021-09-03 15:46:52,382 - train.py[line:152] - INFO: using time 306.2432, training loss at epoch 12: 63.3393
2021-09-03 15:51:57,033 - train.py[line:152] - INFO: using time 304.5163, training loss at epoch 13: 62.1538
2021-09-03 15:57:01,351 - train.py[line:152] - INFO: using time 304.1854, training loss at epoch 14: 61.2507
2021-09-03 16:02:05,344 - train.py[line:152] - INFO: using time 303.8574, training loss at epoch 15: 60.2222
2021-09-03 16:07:09,158 - train.py[line:152] - INFO: using time 303.6744, training loss at epoch 16: 59.4103
2021-09-03 16:12:13,137 - train.py[line:152] - INFO: using time 303.8338, training loss at epoch 17: 58.4355
2021-09-03 16:17:18,642 - train.py[line:152] - INFO: using time 305.3621, training loss at epoch 18: 57.5218
2021-09-03 16:22:29,316 - train.py[line:135] - INFO: +-------+-------------------+-------------------+-------------------+----------------------------------------------------------+----------------------------------------------------------+----------------------------------------------------------+----------------------------------------------------------+-------------------+
| Epoch |   training time   |    tesing time    |        Loss       |                          recall                          |                           ndcg                           |                        precision                         |                        hit_ratio                         |        auc        |
+-------+-------------------+-------------------+-------------------+----------------------------------------------------------+----------------------------------------------------------+----------------------------------------------------------+----------------------------------------------------------+-------------------+
|   19  | 305.8768103122711 | 4.656821966171265 | 56.69427490234375 | [0.15602714 0.24567297 0.36597374 0.44856028 0.51014098] | [0.38612225 0.37396881 0.38660025 0.40653443 0.42568525] | [0.34773179 0.29134106 0.23197434 0.19728201 0.1737976 ] | [0.91523179 0.96423841 0.98692053 0.99288079 0.99586093] | 0.936985579752527 |
+-------+-------------------+-------------------+-------------------+----------------------------------------------------------+----------------------------------------------------------+----------------------------------------------------------+----------------------------------------------------------+-------------------+
2021-09-03 16:27:35,908 - train.py[line:152] - INFO: using time 306.3205, training loss at epoch 20: 55.7889
2021-09-03 16:32:42,805 - train.py[line:152] - INFO: using time 306.7247, training loss at epoch 21: 55.2171
2021-09-03 16:37:49,212 - train.py[line:152] - INFO: using time 306.2332, training loss at epoch 22: 54.7620
2021-09-03 16:42:53,216 - train.py[line:152] - INFO: using time 303.8655, training loss at epoch 23: 53.9576
2021-09-03 16:47:57,339 - train.py[line:152] - INFO: using time 303.9859, training loss at epoch 24: 53.4203
2021-09-03 16:53:01,590 - train.py[line:152] - INFO: using time 304.1096, training loss at epoch 25: 52.6405
2021-09-03 16:58:05,777 - train.py[line:152] - INFO: using time 304.0467, training loss at epoch 26: 52.0899
2021-09-03 17:03:09,944 - train.py[line:152] - INFO: using time 304.0241, training loss at epoch 27: 51.4416
2021-09-03 17:08:14,154 - train.py[line:152] - INFO: using time 304.0607, training loss at epoch 28: 50.9608
2021-09-03 17:13:22,926 - train.py[line:135] - INFO: +-------+-------------------+-------------------+-------------------+----------------------------------------------------------+----------------------------------------------------------+----------------------------------------------------------+----------------------------------------------------------+--------------------+
| Epoch |   training time   |    tesing time    |        Loss       |                          recall                          |                           ndcg                           |                        precision                         |                        hit_ratio                         |        auc         |
+-------+-------------------+-------------------+-------------------+----------------------------------------------------------+----------------------------------------------------------+----------------------------------------------------------+----------------------------------------------------------+--------------------+
|   29  | 303.6337685585022 | 5.003041982650757 | 50.62782669067383 | [0.1552509  0.24720738 0.36822657 0.45085003 0.51147089] | [0.38376298 0.37355022 0.38691769 0.40708759 0.4257277 ] | [0.34589404 0.29168874 0.23273179 0.19815673 0.17398386] | [0.9147351  0.96556291 0.98791391 0.99288079 0.99602649] | 0.9366715778756598 |
+-------+-------------------+-------------------+-------------------+----------------------------------------------------------+----------------------------------------------------------+----------------------------------------------------------+----------------------------------------------------------+--------------------+
2021-09-03 17:18:27,917 - train.py[line:152] - INFO: using time 304.6574, training loss at epoch 30: 49.9583
2021-09-03 17:23:32,646 - train.py[line:152] - INFO: using time 304.5607, training loss at epoch 31: 49.7158
2021-09-03 17:28:36,740 - train.py[line:152] - INFO: using time 303.9454, training loss at epoch 32: 49.2317
2021-09-03 17:33:40,852 - train.py[line:152] - INFO: using time 303.9622, training loss at epoch 33: 48.8455
2021-09-03 17:38:45,040 - train.py[line:152] - INFO: using time 304.0240, training loss at epoch 34: 48.3038
2021-09-03 17:43:49,808 - train.py[line:152] - INFO: using time 304.6348, training loss at epoch 35: 48.2571
2021-09-03 17:48:53,926 - train.py[line:152] - INFO: using time 303.9722, training loss at epoch 36: 47.7380
2021-09-03 17:53:58,376 - train.py[line:152] - INFO: using time 304.3068, training loss at epoch 37: 47.3665
2021-09-03 17:59:04,075 - train.py[line:152] - INFO: using time 305.5488, training loss at epoch 38: 46.8525
2021-09-03 18:04:14,651 - train.py[line:135] - INFO: +-------+-------------------+-------------------+-------------------+----------------------------------------------------------+----------------------------------------------------------+----------------------------------------------------------+----------------------------------------------------------+------------------+
| Epoch |   training time   |    tesing time    |        Loss       |                          recall                          |                           ndcg                           |                        precision                         |                        hit_ratio                         |       auc        |
+-------+-------------------+-------------------+-------------------+----------------------------------------------------------+----------------------------------------------------------+----------------------------------------------------------+----------------------------------------------------------+------------------+
|   39  | 305.5018050670624 | 4.902906894683838 | 46.53514862060547 | [0.15298726 0.24289452 0.3645508  0.44703873 0.50769287] | [0.3782966  0.36804961 0.3825806  0.40308127 0.42202921] | [0.33995033 0.28660596 0.2298303  0.19598786 0.17243791] | [0.9115894  0.96407285 0.98708609 0.99337748 0.99486755] | 0.93580612649752 |
+-------+-------------------+-------------------+-------------------+----------------------------------------------------------+----------------------------------------------------------+----------------------------------------------------------+----------------------------------------------------------+------------------+
2021-09-03 18:09:18,925 - train.py[line:152] - INFO: using time 303.9649, training loss at epoch 40: 45.9510
2021-09-03 18:14:22,883 - train.py[line:152] - INFO: using time 303.8139, training loss at epoch 41: 45.9759
2021-09-03 18:19:28,041 - train.py[line:152] - INFO: using time 305.0149, training loss at epoch 42: 46.1857
2021-09-03 18:24:33,201 - train.py[line:152] - INFO: using time 305.0003, training loss at epoch 43: 45.5576
2021-09-03 18:29:38,545 - train.py[line:152] - INFO: using time 305.1890, training loss at epoch 44: 45.0269
2021-09-03 18:34:44,401 - train.py[line:152] - INFO: using time 305.7096, training loss at epoch 45: 44.9519
2021-09-03 18:39:49,816 - train.py[line:152] - INFO: using time 305.2681, training loss at epoch 46: 44.6735
2021-09-03 18:44:55,723 - train.py[line:152] - INFO: using time 305.7478, training loss at epoch 47: 44.6907
2021-09-03 18:50:02,359 - train.py[line:152] - INFO: using time 306.4916, training loss at epoch 48: 44.2509
2021-09-03 18:55:14,310 - train.py[line:135] - INFO: +-------+-------------------+-------------------+-------------------+----------------------------------------------------------+----------------------------------------------------------+----------------------------------------------------------+----------------------------------------------------------+--------------------+
| Epoch |   training time   |    tesing time    |        Loss       |                          recall                          |                           ndcg                           |                        precision                         |                        hit_ratio                         |        auc         |
+-------+-------------------+-------------------+-------------------+----------------------------------------------------------+----------------------------------------------------------+----------------------------------------------------------+----------------------------------------------------------+--------------------+
|   49  | 306.7756516933441 | 5.018171548843384 | 44.14706802368164 | [0.14927712 0.2369803  0.35894884 0.44077461 0.50184303] | [0.36733704 0.35779402 0.37423341 0.39467562 0.41413077] | [0.33024834 0.27878311 0.2258154  0.19251104 0.16991929] | [0.90993377 0.96274834 0.98675497 0.99205298 0.99453642] | 0.9348203916566952 |
+-------+-------------------+-------------------+-------------------+----------------------------------------------------------+----------------------------------------------------------+----------------------------------------------------------+----------------------------------------------------------+--------------------+
2021-09-03 19:00:18,936 - train.py[line:152] - INFO: using time 304.3166, training loss at epoch 50: 43.8322
2021-09-03 19:05:22,941 - train.py[line:152] - INFO: using time 303.8315, training loss at epoch 51: 43.7334
2021-09-03 19:10:27,104 - train.py[line:152] - INFO: using time 304.0149, training loss at epoch 52: 43.4769
2021-09-03 19:15:32,054 - train.py[line:152] - INFO: using time 304.8009, training loss at epoch 53: 43.1628
2021-09-03 19:20:38,498 - train.py[line:152] - INFO: using time 306.2896, training loss at epoch 54: 43.1254
2021-09-03 19:25:43,370 - train.py[line:152] - INFO: using time 304.7042, training loss at epoch 55: 42.9818
2021-09-03 19:30:47,797 - train.py[line:152] - INFO: using time 304.2852, training loss at epoch 56: 42.6273
2021-09-03 19:35:52,310 - train.py[line:152] - INFO: using time 304.3629, training loss at epoch 57: 42.7472
2021-09-03 19:40:56,734 - train.py[line:152] - INFO: using time 304.2658, training loss at epoch 58: 42.7328
2021-09-03 19:46:05,748 - train.py[line:135] - INFO: +-------+-------------------+--------------------+--------------------+----------------------------------------------------------+----------------------------------------------------------+----------------------------------------------------------+----------------------------------------------------------+--------------------+
| Epoch |   training time   |    tesing time     |        Loss        |                          recall                          |                           ndcg                           |                        precision                         |                        hit_ratio                         |        auc         |
+-------+-------------------+--------------------+--------------------+----------------------------------------------------------+----------------------------------------------------------+----------------------------------------------------------+----------------------------------------------------------+--------------------+
|   59  | 304.2661015987396 | 4.5908002853393555 | 42.129478454589844 | [0.1481685  0.23640064 0.35727038 0.4385721  0.49834992] | [0.36404863 0.35519884 0.37087903 0.39168251 0.41060762] | [0.32839404 0.27766556 0.22370033 0.19139349 0.16865066] | [0.90629139 0.96109272 0.98675497 0.99254967 0.99486755] | 0.9340771253929946 |
+-------+-------------------+--------------------+--------------------+----------------------------------------------------------+----------------------------------------------------------+----------------------------------------------------------+----------------------------------------------------------+--------------------+
2021-09-03 19:51:10,025 - train.py[line:152] - INFO: using time 303.9721, training loss at epoch 60: 42.2677
2021-09-03 19:56:13,972 - train.py[line:152] - INFO: using time 303.7889, training loss at epoch 61: 41.8034
2021-09-03 20:01:17,838 - train.py[line:152] - INFO: using time 303.7111, training loss at epoch 62: 41.9944
2021-09-03 20:06:22,236 - train.py[line:152] - INFO: using time 304.2289, training loss at epoch 63: 41.6887
2021-09-03 20:11:26,589 - train.py[line:152] - INFO: using time 304.1972, training loss at epoch 64: 41.4973
2021-09-03 20:16:32,176 - train.py[line:152] - INFO: using time 305.4231, training loss at epoch 65: 41.3019
2021-09-03 20:21:39,673 - train.py[line:152] - INFO: using time 307.3468, training loss at epoch 66: 41.2840
2021-09-03 20:26:47,060 - train.py[line:152] - INFO: using time 307.2273, training loss at epoch 67: 41.0941
2021-09-03 20:31:53,022 - train.py[line:152] - INFO: using time 305.8180, training loss at epoch 68: 41.1797
2021-09-03 20:37:03,326 - train.py[line:135] - INFO: +-------+-------------------+-------------------+--------------------+----------------------------------------------------------+----------------------------------------------------------+----------------------------------------------------------+----------------------------------------------------------+--------------------+
| Epoch |   training time   |    tesing time    |        Loss        |                          recall                          |                           ndcg                           |                        precision                         |                        hit_ratio                         |        auc         |
+-------+-------------------+-------------------+--------------------+----------------------------------------------------------+----------------------------------------------------------+----------------------------------------------------------+----------------------------------------------------------+--------------------+
|   69  | 305.7903666496277 | 4.357190370559692 | 41.015480041503906 | [0.14443514 0.23117145 0.35116996 0.43302072 0.49284914] | [0.35250594 0.34587774 0.36214923 0.38365743 0.40292929] | [0.31847682 0.27149007 0.21895695 0.18802704 0.16616308] | [0.90380795 0.95860927 0.9839404  0.99155629 0.99437086] | 0.9330262355437606 |
+-------+-------------------+-------------------+--------------------+----------------------------------------------------------+----------------------------------------------------------+----------------------------------------------------------+----------------------------------------------------------+--------------------+
2021-09-03 20:42:09,179 - train.py[line:152] - INFO: using time 305.6233, training loss at epoch 70: 40.9215
2021-09-03 20:47:14,331 - train.py[line:152] - INFO: using time 304.9847, training loss at epoch 71: 40.5262
2021-09-03 20:52:19,228 - train.py[line:152] - INFO: using time 304.7410, training loss at epoch 72: 40.7814
2021-09-03 20:57:23,753 - train.py[line:152] - INFO: using time 304.3770, training loss at epoch 73: 40.5120
2021-09-03 21:02:27,467 - train.py[line:152] - INFO: using time 303.5416, training loss at epoch 74: 40.4750
2021-09-03 21:07:31,239 - train.py[line:152] - INFO: using time 303.6270, training loss at epoch 75: 40.2041
2021-09-03 21:12:36,052 - train.py[line:152] - INFO: using time 304.6678, training loss at epoch 76: 40.2902
2021-09-03 21:17:42,988 - train.py[line:152] - INFO: using time 306.7883, training loss at epoch 77: 40.0024
2021-09-03 21:22:47,576 - train.py[line:152] - INFO: using time 304.4484, training loss at epoch 78: 40.1366
2021-09-03 21:27:57,489 - train.py[line:135] - INFO: +-------+-------------------+-------------------+-------------------+----------------------------------------------------------+----------------------------------------------------------+----------------------------------------------------------+----------------------------------------------------------+--------------------+
| Epoch |   training time   |    tesing time    |        Loss       |                          recall                          |                           ndcg                           |                        precision                         |                        hit_ratio                         |        auc         |
+-------+-------------------+-------------------+-------------------+----------------------------------------------------------+----------------------------------------------------------+----------------------------------------------------------+----------------------------------------------------------+--------------------+
|   79  | 304.6869521141052 | 5.071087598800659 | 39.90265655517578 | [0.1408769  0.22591825 0.34478868 0.42757554 0.48895648] | [0.34362787 0.33754834 0.35466357 0.37693171 0.39684205] | [0.31024834 0.26478477 0.21480546 0.18523179 0.16403974] | [0.90165563 0.95778146 0.98294702 0.99139073 0.99453642] | 0.9320503757174673 |
+-------+-------------------+-------------------+-------------------+----------------------------------------------------------+----------------------------------------------------------+----------------------------------------------------------+----------------------------------------------------------+--------------------+
2021-09-03 21:33:04,135 - train.py[line:152] - INFO: using time 306.3273, training loss at epoch 80: 40.0189
2021-09-03 21:38:08,847 - train.py[line:152] - INFO: using time 304.5388, training loss at epoch 81: 39.6474
2021-09-03 21:43:14,055 - train.py[line:152] - INFO: using time 305.0561, training loss at epoch 82: 39.4716
2021-09-03 21:48:19,218 - train.py[line:152] - INFO: using time 305.0094, training loss at epoch 83: 39.4522
2021-09-03 21:53:23,997 - train.py[line:152] - INFO: using time 304.6241, training loss at epoch 84: 39.3242
2021-09-03 21:58:29,325 - train.py[line:152] - INFO: using time 305.1730, training loss at epoch 85: 39.6149
2021-09-03 22:03:34,245 - train.py[line:152] - INFO: using time 304.7739, training loss at epoch 86: 39.4243
2021-09-03 22:08:39,740 - train.py[line:152] - INFO: using time 305.3426, training loss at epoch 87: 39.2384
2021-09-03 22:13:45,243 - train.py[line:152] - INFO: using time 305.3493, training loss at epoch 88: 39.3594
2021-09-03 22:18:55,173 - train.py[line:135] - INFO: +-------+-------------------+------------------+-----------------+----------------------------------------------------------+----------------------------------------------------------+----------------------------------------------------------+----------------------------------------------------------+--------------------+
| Epoch |   training time   |   tesing time    |       Loss      |                          recall                          |                           ndcg                           |                        precision                         |                        hit_ratio                         |        auc         |
+-------+-------------------+------------------+-----------------+----------------------------------------------------------+----------------------------------------------------------+----------------------------------------------------------+----------------------------------------------------------+--------------------+
|   89  | 304.8651421070099 | 4.91055154800415 | 38.985107421875 | [0.13845057 0.22427823 0.34318629 0.42476267 0.48465778] | [0.33849724 0.3336507  0.35125229 0.37304824 0.39247797] | [0.30615894 0.26282285 0.2137293  0.18397627 0.16283526] | [0.89850993 0.95745033 0.98360927 0.99089404 0.99403974] | 0.9314181009497258 |
+-------+-------------------+------------------+-----------------+----------------------------------------------------------+----------------------------------------------------------+----------------------------------------------------------+----------------------------------------------------------+--------------------+
2021-09-03 22:23:59,736 - train.py[line:152] - INFO: using time 304.2527, training loss at epoch 90: 38.9071
2021-09-03 22:29:04,264 - train.py[line:152] - INFO: using time 304.3531, training loss at epoch 91: 39.1691
2021-09-03 22:34:08,196 - train.py[line:152] - INFO: using time 303.7564, training loss at epoch 92: 38.7807
2021-09-03 22:39:12,293 - train.py[line:152] - INFO: using time 303.9606, training loss at epoch 93: 38.6654
2021-09-03 22:44:19,388 - train.py[line:152] - INFO: using time 306.9432, training loss at epoch 94: 38.7909
2021-09-03 22:49:26,580 - train.py[line:152] - INFO: using time 307.0268, training loss at epoch 95: 38.9589
2021-09-03 22:54:33,601 - train.py[line:152] - INFO: using time 306.8593, training loss at epoch 96: 38.3759
2021-09-03 22:59:40,533 - train.py[line:152] - INFO: using time 306.7754, training loss at epoch 97: 38.5540
2021-09-03 23:04:46,092 - train.py[line:152] - INFO: using time 305.3831, training loss at epoch 98: 38.6468
2021-09-03 23:09:55,876 - train.py[line:135] - INFO: +-------+-------------------+-------------------+-------------------+----------------------------------------------------------+----------------------------------------------------------+----------------------------------------------------------+----------------------------------------------------------+--------------------+
| Epoch |   training time   |    tesing time    |        Loss       |                          recall                          |                           ndcg                           |                        precision                         |                        hit_ratio                         |        auc         |
+-------+-------------------+-------------------+-------------------+----------------------------------------------------------+----------------------------------------------------------+----------------------------------------------------------+----------------------------------------------------------+--------------------+
|   99  | 304.5308632850647 | 5.105807065963745 | 38.44986343383789 | [0.13422395 0.21789328 0.33521693 0.41764207 0.4791371 ] | [0.32705769 0.32270478 0.34134906 0.36423002 0.38434862] | [0.29708609 0.25452815 0.20825331 0.18055188 0.16017177] | [0.88758278 0.95645695 0.98327815 0.98990066 0.99370861] | 0.9303195876345128 |
+-------+-------------------+-------------------+-------------------+----------------------------------------------------------+----------------------------------------------------------+----------------------------------------------------------+----------------------------------------------------------+--------------------+
2021-09-03 23:15:01,122 - train.py[line:152] - INFO: using time 304.9264, training loss at epoch 100: 38.4690
2021-09-03 23:20:06,641 - train.py[line:152] - INFO: using time 305.3588, training loss at epoch 101: 38.3105
2021-09-03 23:25:11,674 - train.py[line:152] - INFO: using time 304.8755, training loss at epoch 102: 38.3806
2021-09-03 23:30:17,988 - train.py[line:152] - INFO: using time 306.1730, training loss at epoch 103: 38.2139
2021-09-03 23:35:24,107 - train.py[line:152] - INFO: using time 305.9448, training loss at epoch 104: 38.3331
2021-09-03 23:40:29,119 - train.py[line:152] - INFO: using time 304.8339, training loss at epoch 105: 37.9899
2021-09-03 23:45:33,693 - train.py[line:152] - INFO: using time 304.4235, training loss at epoch 106: 38.1906
2021-09-03 23:50:38,888 - train.py[line:152] - INFO: using time 304.9987, training loss at epoch 107: 37.8790
2021-09-03 23:55:43,885 - train.py[line:152] - INFO: using time 304.8298, training loss at epoch 108: 37.9747
2021-09-04 00:00:53,501 - train.py[line:135] - INFO: +-------+------------------+-------------------+-------------------+----------------------------------------------------------+----------------------------------------------------------+----------------------------------------------------------+----------------------------------------------------------+--------------------+
| Epoch |  training time   |    tesing time    |        Loss       |                          recall                          |                           ndcg                           |                        precision                         |                        hit_ratio                         |        auc         |
+-------+------------------+-------------------+-------------------+----------------------------------------------------------+----------------------------------------------------------+----------------------------------------------------------+----------------------------------------------------------+--------------------+
|  109  | 304.907860994339 | 4.521496772766113 | 37.77869415283203 | [0.13212803 0.214096   0.33181251 0.41376442 0.47546263] | [0.32121273 0.31716056 0.33645788 0.35940547 0.37994288] | [0.29178808 0.25014901 0.20512417 0.17793322 0.15847268] | [0.88460265 0.95430464 0.98327815 0.98940397 0.99337748] | 0.9295564814892171 |
+-------+------------------+-------------------+-------------------+----------------------------------------------------------+----------------------------------------------------------+----------------------------------------------------------+----------------------------------------------------------+--------------------+
2021-09-04 00:06:01,125 - train.py[line:152] - INFO: using time 307.2996, training loss at epoch 110: 37.7026
2021-09-04 00:11:06,189 - train.py[line:152] - INFO: using time 304.8429, training loss at epoch 111: 38.0015
2021-09-04 00:16:10,772 - train.py[line:152] - INFO: using time 304.4210, training loss at epoch 112: 38.0045
2021-09-04 00:21:17,007 - train.py[line:152] - INFO: using time 306.0527, training loss at epoch 113: 37.7425
2021-09-04 00:26:21,927 - train.py[line:152] - INFO: using time 304.7573, training loss at epoch 114: 37.9251
2021-09-04 00:31:25,849 - train.py[line:152] - INFO: using time 303.7233, training loss at epoch 115: 37.8069
2021-09-04 00:36:29,939 - train.py[line:152] - INFO: using time 303.9409, training loss at epoch 116: 37.3196
2021-09-04 00:41:34,235 - train.py[line:152] - INFO: using time 304.1026, training loss at epoch 117: 37.4296
2021-09-04 00:46:38,978 - train.py[line:152] - INFO: using time 304.5854, training loss at epoch 118: 37.6479
2021-09-04 00:51:48,590 - train.py[line:135] - INFO: +-------+-------------------+--------------------+-------------------+----------------------------------------------------------+----------------------------------------------------------+----------------------------------------------------------+----------------------------------------------------------+-------------------+
| Epoch |   training time   |    tesing time     |        Loss       |                          recall                          |                           ndcg                           |                        precision                         |                        hit_ratio                         |        auc        |
+-------+-------------------+--------------------+-------------------+----------------------------------------------------------+----------------------------------------------------------+----------------------------------------------------------+----------------------------------------------------------+-------------------+
|  119  | 304.4851770401001 | 4.9431071281433105 | 37.63103485107422 | [0.12908913 0.21083978 0.32754379 0.40871192 0.47045437] | [0.3116796  0.30963075 0.32989052 0.35241076 0.37302613] | [0.28430464 0.24576987 0.20290563 0.17557395 0.15641349] | [0.88178808 0.95033113 0.98228477 0.98940397 0.99387417] | 0.928802021777297 |
+-------+-------------------+--------------------+-------------------+----------------------------------------------------------+----------------------------------------------------------+----------------------------------------------------------+----------------------------------------------------------+-------------------+
2021-09-04 00:56:53,812 - train.py[line:152] - INFO: using time 304.8971, training loss at epoch 120: 37.3754
2021-09-04 01:01:59,588 - train.py[line:152] - INFO: using time 305.6141, training loss at epoch 121: 37.4319
2021-09-04 01:07:02,859 - train.py[line:152] - INFO: using time 303.1224, training loss at epoch 122: 37.4507
2021-09-04 01:12:06,503 - train.py[line:152] - INFO: using time 303.5027, training loss at epoch 123: 37.4129
2021-09-04 01:17:10,433 - train.py[line:152] - INFO: using time 303.7751, training loss at epoch 124: 37.3240
2021-09-04 01:22:13,997 - train.py[line:152] - INFO: using time 303.4219, training loss at epoch 125: 37.3672
2021-09-04 01:27:18,050 - train.py[line:152] - INFO: using time 303.8963, training loss at epoch 126: 37.1246
2021-09-04 01:32:21,570 - train.py[line:152] - INFO: using time 303.3342, training loss at epoch 127: 37.1164
2021-09-04 01:37:25,214 - train.py[line:152] - INFO: using time 303.4584, training loss at epoch 128: 37.2749
2021-09-04 01:42:33,816 - train.py[line:135] - INFO: +-------+-------------------+-------------------+--------------------+----------------------------------------------------------+----------------------------------------------------------+----------------------------------------------------------+----------------------------------------------------------+--------------------+
| Epoch |   training time   |    tesing time    |        Loss        |                          recall                          |                           ndcg                           |                        precision                         |                        hit_ratio                         |        auc         |
+-------+-------------------+-------------------+--------------------+----------------------------------------------------------+----------------------------------------------------------+----------------------------------------------------------+----------------------------------------------------------+--------------------+
|  129  | 303.5500235557556 | 4.907318592071533 | 37.023555755615234 | [0.12758448 0.20775883 0.32323901 0.4039932  0.46685228] | [0.30834793 0.30578229 0.3261499  0.34888039 0.37000245] | [0.27991722 0.24149007 0.19974338 0.17335541 0.15484478] | [0.88129139 0.95099338 0.98096026 0.98940397 0.99238411] | 0.9279551418567693 |
+-------+-------------------+-------------------+--------------------+----------------------------------------------------------+----------------------------------------------------------+----------------------------------------------------------+----------------------------------------------------------+--------------------+
2021-09-04 01:42:33,818 - train.py[line:157] - INFO: early stopping at 129, recall@20:0.2472
